Using pre-set license
Built from '2022.3/staging' branch; Version is '2022.3.22f1 (887be4894c44) revision 8944612'; Using compiler version '192829333'; Build Type 'Release'
OS: 'Windows 10  (10.0.19045) 64bit Education' Language: 'tr' Physical Memory: 16167 MB
BatchMode: 1, IsHumanControllingUs: 0, StartBugReporterOnCrash: 0, Is64bit: 1, IsPro: 1

COMMAND LINE ARGUMENTS:
C:\Program Files\Unity\Hub\Editor\2022.3.22f1\Editor\Unity.exe
-adb2
-batchMode
-noUpm
-name
AssetImportWorker1
-projectPath
C:/Users/Elif Efe/GAME/Basic2DProject/Basic2D
-logFile
Logs/AssetImportWorker1.log
-srvPort
49886
Successfully changed project path to: C:/Users/Elif Efe/GAME/Basic2DProject/Basic2D
C:/Users/Elif Efe/GAME/Basic2DProject/Basic2D
[UnityMemory] Configuration Parameters - Can be set up in boot.config
    "memorysetup-bucket-allocator-granularity=16"
    "memorysetup-bucket-allocator-bucket-count=8"
    "memorysetup-bucket-allocator-block-size=33554432"
    "memorysetup-bucket-allocator-block-count=8"
    "memorysetup-main-allocator-block-size=16777216"
    "memorysetup-thread-allocator-block-size=16777216"
    "memorysetup-gfx-main-allocator-block-size=16777216"
    "memorysetup-gfx-thread-allocator-block-size=16777216"
    "memorysetup-cache-allocator-block-size=4194304"
    "memorysetup-typetree-allocator-block-size=2097152"
    "memorysetup-profiler-bucket-allocator-granularity=16"
    "memorysetup-profiler-bucket-allocator-bucket-count=8"
    "memorysetup-profiler-bucket-allocator-block-size=33554432"
    "memorysetup-profiler-bucket-allocator-block-count=8"
    "memorysetup-profiler-allocator-block-size=16777216"
    "memorysetup-profiler-editor-allocator-block-size=1048576"
    "memorysetup-temp-allocator-size-main=16777216"
    "memorysetup-job-temp-allocator-block-size=2097152"
    "memorysetup-job-temp-allocator-block-size-background=1048576"
    "memorysetup-job-temp-allocator-reduction-small-platforms=262144"
    "memorysetup-allocator-temp-initial-block-size-main=262144"
    "memorysetup-allocator-temp-initial-block-size-worker=262144"
    "memorysetup-temp-allocator-size-background-worker=32768"
    "memorysetup-temp-allocator-size-job-worker=262144"
    "memorysetup-temp-allocator-size-preload-manager=33554432"
    "memorysetup-temp-allocator-size-nav-mesh-worker=65536"
    "memorysetup-temp-allocator-size-audio-worker=65536"
    "memorysetup-temp-allocator-size-cloud-worker=32768"
    "memorysetup-temp-allocator-size-gi-baking-worker=262144"
    "memorysetup-temp-allocator-size-gfx=262144"
Player connection [8932] Host "[IP] 192.168.73.1 [Port] 0 [Flags] 2 [Guid] 370674370 [EditorId] 370674370 [Version] 1048832 [Id] WindowsEditor(7,GameDevGirl) [Debug] 1 [PackageName] WindowsEditor [ProjectName] Editor" joined multi-casting on [225.0.0.222:54997]...

Player connection [8932] Host "[IP] 192.168.73.1 [Port] 0 [Flags] 2 [Guid] 370674370 [EditorId] 370674370 [Version] 1048832 [Id] WindowsEditor(7,GameDevGirl) [Debug] 1 [PackageName] WindowsEditor [ProjectName] Editor" joined alternative multi-casting on [225.0.0.222:34997]...

[Physics::Module] Initialized MultithreadedJobDispatcher with 7 workers.
Refreshing native plugins compatible for Editor in 33.70 ms, found 4 plugins.
Preloading 0 native plugins for Editor in 0.00 ms.
Initialize engine version: 2022.3.22f1 (887be4894c44)
[Subsystems] Discovering subsystems at path C:/Program Files/Unity/Hub/Editor/2022.3.22f1/Editor/Data/Resources/UnitySubsystems
[Subsystems] Discovering subsystems at path C:/Users/Elif Efe/GAME/Basic2DProject/Basic2D/Assets
GfxDevice: creating device client; threaded=0; jobified=0
Direct3D:
    Version:  Direct3D 11.0 [level 11.1]
    Renderer: NVIDIA GeForce RTX 3050 Ti Laptop GPU (ID=0x25a0)
    Vendor:   NVIDIA
    VRAM:     3978 MB
    Driver:   31.0.15.2904
Initialize mono
Mono path[0] = 'C:/Program Files/Unity/Hub/Editor/2022.3.22f1/Editor/Data/Managed'
Mono path[1] = 'C:/Program Files/Unity/Hub/Editor/2022.3.22f1/Editor/Data/MonoBleedingEdge/lib/mono/unityjit-win32'
Mono config path = 'C:/Program Files/Unity/Hub/Editor/2022.3.22f1/Editor/Data/MonoBleedingEdge/etc'
Using monoOptions --debugger-agent=transport=dt_socket,embedding=1,server=y,suspend=n,address=127.0.0.1:56000
Begin MonoManager ReloadAssembly
Registering precompiled unity dll's ...
Register platform support module: C:/Program Files/Unity/Hub/Editor/2022.3.22f1/Editor/Data/PlaybackEngines/WebGLSupport/UnityEditor.WebGL.Extensions.dll
Register platform support module: C:/Program Files/Unity/Hub/Editor/2022.3.22f1/Editor/Data/PlaybackEngines/WindowsStandaloneSupport/UnityEditor.WindowsStandalone.Extensions.dll
Registered in 0.011230 seconds.
- Loaded All Assemblies, in  0.401 seconds
Native extension for WindowsStandalone target not found
Native extension for WebGL target not found
Mono: successfully reloaded assembly
- Finished resetting the current domain, in  0.330 seconds
Domain Reload Profiling: 727ms
	BeginReloadAssembly (120ms)
		ExecutionOrderSort (0ms)
		DisableScriptedObjects (0ms)
		BackupInstance (0ms)
		ReleaseScriptingObjects (0ms)
		CreateAndSetChildDomain (1ms)
	RebuildCommonClasses (41ms)
	RebuildNativeTypeToScriptingClass (11ms)
	initialDomainReloadingComplete (69ms)
	LoadAllAssembliesAndSetupDomain (154ms)
		LoadAssemblies (115ms)
		RebuildTransferFunctionScriptingTraits (0ms)
		AnalyzeDomain (151ms)
			TypeCache.Refresh (150ms)
				TypeCache.ScanAssembly (136ms)
			ScanForSourceGeneratedMonoScriptInfo (0ms)
			ResolveRequiredComponents (0ms)
	FinalizeReload (331ms)
		ReleaseScriptCaches (0ms)
		RebuildScriptCaches (0ms)
		SetupLoadedEditorAssemblies (263ms)
			LogAssemblyErrors (0ms)
			InitializePlatformSupportModulesInManaged (11ms)
			SetLoadedEditorAssemblies (6ms)
			RefreshPlugins (0ms)
			BeforeProcessingInitializeOnLoad (3ms)
			ProcessInitializeOnLoadAttributes (176ms)
			ProcessInitializeOnLoadMethodAttributes (67ms)
			AfterProcessingInitializeOnLoad (0ms)
			EditorAssembliesLoaded (0ms)
		ExecutionOrderSort2 (0ms)
		AwakeInstancesAfterBackupRestoration (0ms)
========================================================================
Worker process is ready to serve import requests
Begin MonoManager ReloadAssembly
Symbol file LoadedFromMemory is not a mono symbol file
- Loaded All Assemblies, in  0.900 seconds
Refreshing native plugins compatible for Editor in 15.94 ms, found 4 plugins.
Native extension for WindowsStandalone target not found
Native extension for WebGL target not found
Package Manager log level set to [2]
[Package Manager] Server::EnsureServerProcessIsRunning -- launch failed, reason: Unity was launched with the -noUpm command-line argument
[Package Manager] UpmClient::Send -- Unable to send message (not connected to UPM process).
[Package Manager] Cannot connect to Unity Package Manager local server
Mono: successfully reloaded assembly
- Finished resetting the current domain, in  0.760 seconds
Domain Reload Profiling: 1652ms
	BeginReloadAssembly (169ms)
		ExecutionOrderSort (0ms)
		DisableScriptedObjects (6ms)
		BackupInstance (0ms)
		ReleaseScriptingObjects (0ms)
		CreateAndSetChildDomain (27ms)
	RebuildCommonClasses (44ms)
	RebuildNativeTypeToScriptingClass (13ms)
	initialDomainReloadingComplete (52ms)
	LoadAllAssembliesAndSetupDomain (613ms)
		LoadAssemblies (443ms)
		RebuildTransferFunctionScriptingTraits (0ms)
		AnalyzeDomain (261ms)
			TypeCache.Refresh (218ms)
				TypeCache.ScanAssembly (191ms)
			ScanForSourceGeneratedMonoScriptInfo (35ms)
			ResolveRequiredComponents (6ms)
	FinalizeReload (761ms)
		ReleaseScriptCaches (0ms)
		RebuildScriptCaches (0ms)
		SetupLoadedEditorAssemblies (606ms)
			LogAssemblyErrors (0ms)
			InitializePlatformSupportModulesInManaged (6ms)
			SetLoadedEditorAssemblies (3ms)
			RefreshPlugins (0ms)
			BeforeProcessingInitializeOnLoad (78ms)
			ProcessInitializeOnLoadAttributes (392ms)
			ProcessInitializeOnLoadMethodAttributes (117ms)
			AfterProcessingInitializeOnLoad (9ms)
			EditorAssembliesLoaded (0ms)
		ExecutionOrderSort2 (0ms)
		AwakeInstancesAfterBackupRestoration (5ms)
Launched and connected shader compiler UnityShaderCompiler.exe after 0.04 seconds
Refreshing native plugins compatible for Editor in 12.65 ms, found 4 plugins.
Preloading 0 native plugins for Editor in 0.00 ms.
Unloading 5070 Unused Serialized files (Serialized files now loaded: 0)
Unloading 103 unused Assets / (261.1 KB). Loaded Objects now: 5497.
Memory consumption went from 168.4 MB to 168.2 MB.
Total: 9.996900 ms (FindLiveObjects: 0.384900 ms CreateObjectMapping: 0.246400 ms MarkObjects: 9.007600 ms  DeleteObjects: 0.356800 ms)

AssetImportParameters requested are different than current active one (requested -> active):
  custom:container-demuxer-ogg: 62fdf1f143b41e24485cea50d1cbac27 -> 
  custom:video-decoder-ogg-theora: a1e56fd34408186e4bbccfd4996cb3dc -> 
  custom:framework-win-MediaFoundation: 216162199b28c13a410421893ffa2e32 -> 
  custom:CustomObjectIndexerAttribute: 9a22284fe3817be447336de3de66b15e -> 
  custom:container-demuxer-webm: 4f35f7cbe854078d1ac9338744f61a02 -> 
  custom:container-muxer-webm: aa71ff27fc2769a1b78a27578f13a17b -> 
  custom:video-decoder-webm-vp8: 9c59270c3fd7afecdb556c50c9e8de78 -> 
  custom:SearchIndexIgnoredProperties: e643bd26f0fe6173181afceb89e7c659 -> 
  custom:AudioImporter_EditorPlatform: d09bf68614088b80899f8185d706f6e7 -> 
  custom:video-encoder-webm-vp8: eb34c28f22e8b96e1ab97ce403110664 -> 
  custom:audio-decoder-ogg-vorbis: bf7c407c2cedff20999df2af8eb42d56 -> 
  custom:audio-encoder-webm-vorbis: bf7c407c2cedff20999df2af8eb42d56 -> 
========================================================================
Received Import Request.
  Time since last request: 1500.520919 seconds.
  path: Assets/TextMesh Pro/Shaders/TMPro_Mobile.cginc
  artifactKey: Guid(c334973cef89a9840b0b0c507e0377ab) Importer(815301076,1909f56bfc062723c751e8b465ee728b)
Start importing Assets/TextMesh Pro/Shaders/TMPro_Mobile.cginc using Guid(c334973cef89a9840b0b0c507e0377ab) Importer(815301076,1909f56bfc062723c751e8b465ee728b)  -> (artifact id: 'ed4948e3d3b156c358d774882348c13a') in 0.018030 seconds
Number of updated asset objects reloaded before import = 0
Number of asset objects unloaded after import = 1
========================================================================
Received Import Request.
  Time since last request: 24.357955 seconds.
  path: Assets/Textures/Default/button_rectangle_line.png
  artifactKey: Guid(dd553a4cecf13a948aecb9331bae24e5) Importer(815301076,1909f56bfc062723c751e8b465ee728b)
Start importing Assets/Textures/Default/button_rectangle_line.png using Guid(dd553a4cecf13a948aecb9331bae24e5) Importer(815301076,1909f56bfc062723c751e8b465ee728b)  -> (artifact id: 'ea97fb72ccef0930caf0b58515f25d75') in 0.084293 seconds
Number of updated asset objects reloaded before import = 0
Number of asset objects unloaded after import = 3
========================================================================
Received Import Request.
  Time since last request: 0.000028 seconds.
  path: Assets/Textures/Default/icon_repeat_light.png
  artifactKey: Guid(e4bdaa832fd856c44ac93fede5740d29) Importer(815301076,1909f56bfc062723c751e8b465ee728b)
Start importing Assets/Textures/Default/icon_repeat_light.png using Guid(e4bdaa832fd856c44ac93fede5740d29) Importer(815301076,1909f56bfc062723c751e8b465ee728b)  -> (artifact id: 'b87b0f12926cee53775d778ac5d0594a') in 0.026045 seconds
Number of updated asset objects reloaded before import = 0
Number of asset objects unloaded after import = 3
========================================================================
Received Import Request.
  Time since last request: 0.000025 seconds.
  path: Assets/Textures/Default/icon_arrow_up_dark.png
  artifactKey: Guid(ea391b66a0eafc046a8b557126314cc0) Importer(815301076,1909f56bfc062723c751e8b465ee728b)
Start importing Assets/Textures/Default/icon_arrow_up_dark.png using Guid(ea391b66a0eafc046a8b557126314cc0) Importer(815301076,1909f56bfc062723c751e8b465ee728b)  -> (artifact id: 'fbfb43faabc418d8d7d697a2512a5e55') in 0.031604 seconds
Number of updated asset objects reloaded before import = 0
Number of asset objects unloaded after import = 3
========================================================================
Received Import Request.
  Time since last request: 0.000018 seconds.
  path: Assets/Textures/Default/divider_edges.png
  artifactKey: Guid(95a0ec7553a751242a3812701ecf325f) Importer(815301076,1909f56bfc062723c751e8b465ee728b)
Start importing Assets/Textures/Default/divider_edges.png using Guid(95a0ec7553a751242a3812701ecf325f) Importer(815301076,1909f56bfc062723c751e8b465ee728b)  -> (artifact id: '90a81165dcc3a6303a7a3fb5cefbcf37') in 0.040455 seconds
Number of updated asset objects reloaded before import = 0
Number of asset objects unloaded after import = 3
========================================================================
Received Import Request.
  Time since last request: 0.000025 seconds.
  path: Assets/Textures/Default/input_outline_square.png
  artifactKey: Guid(c0e2877e29e23234987769f7eb27a37d) Importer(815301076,1909f56bfc062723c751e8b465ee728b)
Start importing Assets/Textures/Default/input_outline_square.png using Guid(c0e2877e29e23234987769f7eb27a37d) Importer(815301076,1909f56bfc062723c751e8b465ee728b)  -> (artifact id: 'b1e5b91ad7722e77427ab0d26037e426') in 0.028609 seconds
Number of updated asset objects reloaded before import = 0
Number of asset objects unloaded after import = 3
========================================================================
Received Import Request.
  Time since last request: 0.000032 seconds.
  path: Assets/Textures/Default/icon_repeat_outline.png
  artifactKey: Guid(b6d8fff57927161478bd841aa04c328d) Importer(815301076,1909f56bfc062723c751e8b465ee728b)
Start importing Assets/Textures/Default/icon_repeat_outline.png using Guid(b6d8fff57927161478bd841aa04c328d) Importer(815301076,1909f56bfc062723c751e8b465ee728b)  -> (artifact id: 'd4899eeca01fdde8c210c737635eab6b') in 0.016478 seconds
Number of updated asset objects reloaded before import = 0
Number of asset objects unloaded after import = 3
========================================================================
Received Import Request.
  Time since last request: 0.000018 seconds.
  path: Assets/Textures/Default/input_outline_rectangle.png
  artifactKey: Guid(8bdb902f8cb1d164bb2cf233ef34470a) Importer(815301076,1909f56bfc062723c751e8b465ee728b)
Start importing Assets/Textures/Default/input_outline_rectangle.png using Guid(8bdb902f8cb1d164bb2cf233ef34470a) Importer(815301076,1909f56bfc062723c751e8b465ee728b)  -> (artifact id: 'ee58804c5bcfe3fe4a405cf07f7e4a39') in 0.020648 seconds
Number of updated asset objects reloaded before import = 0
Number of asset objects unloaded after import = 3
========================================================================
Received Import Request.
  Time since last request: 0.000025 seconds.
  path: Assets/Textures/Default/icon_repeat_dark.png
  artifactKey: Guid(0a57e9e476ecedc4fab772a686e18534) Importer(815301076,1909f56bfc062723c751e8b465ee728b)
Start importing Assets/Textures/Default/icon_repeat_dark.png using Guid(0a57e9e476ecedc4fab772a686e18534) Importer(815301076,1909f56bfc062723c751e8b465ee728b)  -> (artifact id: '09e84dcd2070d573ef25a7ecec4cc5b1') in 0.009683 seconds
Number of updated asset objects reloaded before import = 0
Number of asset objects unloaded after import = 3
========================================================================
Received Import Request.
  Time since last request: 0.000017 seconds.
  path: Assets/Textures/Default/input_square.png
  artifactKey: Guid(ace7e07f67d452241bfd04cd939488ec) Importer(815301076,1909f56bfc062723c751e8b465ee728b)
Start importing Assets/Textures/Default/input_square.png using Guid(ace7e07f67d452241bfd04cd939488ec) Importer(815301076,1909f56bfc062723c751e8b465ee728b)  -> (artifact id: 'c9f88208f415bca2e1ced611ef496241') in 0.010940 seconds
Number of updated asset objects reloaded before import = 0
Number of asset objects unloaded after import = 3
========================================================================
Received Import Request.
  Time since last request: 0.000018 seconds.
  path: Assets/Textures/Default/button_square_depth_line.png
  artifactKey: Guid(b7c8363658478b64887dd8d24b394a95) Importer(815301076,1909f56bfc062723c751e8b465ee728b)
Start importing Assets/Textures/Default/button_square_depth_line.png using Guid(b7c8363658478b64887dd8d24b394a95) Importer(815301076,1909f56bfc062723c751e8b465ee728b)  -> (artifact id: '709f8e0c706ed34ebf4239072443ebbc') in 0.009852 seconds
Number of updated asset objects reloaded before import = 0
Number of asset objects unloaded after import = 3
========================================================================
Received Import Request.
  Time since last request: 0.000025 seconds.
  path: Assets/Textures/Default/button_round_line.png
  artifactKey: Guid(1bb053a57a235af4486d783e1a47b213) Importer(815301076,1909f56bfc062723c751e8b465ee728b)
Start importing Assets/Textures/Default/button_round_line.png using Guid(1bb053a57a235af4486d783e1a47b213) Importer(815301076,1909f56bfc062723c751e8b465ee728b)  -> (artifact id: 'f20e9ff167073e04877414eb6ecc5e80') in 0.008689 seconds
Number of updated asset objects reloaded before import = 0
Number of asset objects unloaded after import = 3
========================================================================
Received Import Request.
  Time since last request: 784.439445 seconds.
  path: Assets/Textures/Default/button_rectangle_line.png
  artifactKey: Guid(dd553a4cecf13a948aecb9331bae24e5) Importer(815301076,1909f56bfc062723c751e8b465ee728b)
Start importing Assets/Textures/Default/button_rectangle_line.png using Guid(dd553a4cecf13a948aecb9331bae24e5) Importer(815301076,1909f56bfc062723c751e8b465ee728b)  -> (artifact id: '8a11420f199d65e091083aa5cf483948') in 0.065300 seconds
Number of updated asset objects reloaded before import = 0
Number of asset objects unloaded after import = 2
========================================================================
Received Import Request.
  Time since last request: 0.000023 seconds.
  path: Assets/Textures/Default/icon_arrow_up_light.png
  artifactKey: Guid(ebfcf1031d72b6441984d9b1f87cf563) Importer(815301076,1909f56bfc062723c751e8b465ee728b)
Start importing Assets/Textures/Default/icon_arrow_up_light.png using Guid(ebfcf1031d72b6441984d9b1f87cf563) Importer(815301076,1909f56bfc062723c751e8b465ee728b)  -> (artifact id: 'd041454e1330286a7bdea4d9ec541b1e') in 0.007847 seconds
Number of updated asset objects reloaded before import = 0
Number of asset objects unloaded after import = 2
========================================================================
Received Import Request.
  Time since last request: 0.000019 seconds.
  path: Assets/Textures/Default/icon_arrow_up_outline.png
  artifactKey: Guid(cc5e9422bd860a6428de22971ee99245) Importer(815301076,1909f56bfc062723c751e8b465ee728b)
Start importing Assets/Textures/Default/icon_arrow_up_outline.png using Guid(cc5e9422bd860a6428de22971ee99245) Importer(815301076,1909f56bfc062723c751e8b465ee728b)  -> (artifact id: 'c858048c171c17986cd5fa9660a4f4b2') in 0.011825 seconds
Number of updated asset objects reloaded before import = 0
Number of asset objects unloaded after import = 2
========================================================================
Received Import Request.
  Time since last request: 0.000025 seconds.
  path: Assets/Textures/Default/icon_arrow_down_dark.png
  artifactKey: Guid(82852c2d2748f78469e7fb74377b6f3e) Importer(815301076,1909f56bfc062723c751e8b465ee728b)
Start importing Assets/Textures/Default/icon_arrow_down_dark.png using Guid(82852c2d2748f78469e7fb74377b6f3e) Importer(815301076,1909f56bfc062723c751e8b465ee728b)  -> (artifact id: 'e405098a48b688f0dbc6625a09c18808') in 0.009356 seconds
Number of updated asset objects reloaded before import = 0
Number of asset objects unloaded after import = 2
========================================================================
Received Import Request.
  Time since last request: 0.000023 seconds.
  path: Assets/Textures/Default/button_round_depth_line.png
  artifactKey: Guid(e5804f983b5e1a940b99eb9c30e54524) Importer(815301076,1909f56bfc062723c751e8b465ee728b)
Start importing Assets/Textures/Default/button_round_depth_line.png using Guid(e5804f983b5e1a940b99eb9c30e54524) Importer(815301076,1909f56bfc062723c751e8b465ee728b)  -> (artifact id: '7ef9d8710064d6b5a9676f2d2da5c849') in 0.007312 seconds
Number of updated asset objects reloaded before import = 0
Number of asset objects unloaded after import = 2
========================================================================
Received Import Request.
  Time since last request: 0.000020 seconds.
  path: Assets/Textures/Default/icon_play_light.png
  artifactKey: Guid(27d4c7b8c51b25647bbf8914efe4eecd) Importer(815301076,1909f56bfc062723c751e8b465ee728b)
Start importing Assets/Textures/Default/icon_play_light.png using Guid(27d4c7b8c51b25647bbf8914efe4eecd) Importer(815301076,1909f56bfc062723c751e8b465ee728b)  -> (artifact id: 'ba5e3a9dedf370e62adf60d86fea3907') in 0.012580 seconds
Number of updated asset objects reloaded before import = 0
Number of asset objects unloaded after import = 2
========================================================================
Received Import Request.
  Time since last request: 0.000018 seconds.
  path: Assets/Textures/Default/icon_play_dark.png
  artifactKey: Guid(f79c2f8206e426d41818537d5f7fe1b6) Importer(815301076,1909f56bfc062723c751e8b465ee728b)
Start importing Assets/Textures/Default/icon_play_dark.png using Guid(f79c2f8206e426d41818537d5f7fe1b6) Importer(815301076,1909f56bfc062723c751e8b465ee728b)  -> (artifact id: 'a963f67aa1d0d615b354b375c66058af') in 0.008101 seconds
Number of updated asset objects reloaded before import = 0
Number of asset objects unloaded after import = 2
========================================================================
Received Import Request.
  Time since last request: 0.000024 seconds.
  path: Assets/Textures/Default/icon_arrow_down_light.png
  artifactKey: Guid(be10bf5baea1d0f47862d16596a1a4fa) Importer(815301076,1909f56bfc062723c751e8b465ee728b)
Start importing Assets/Textures/Default/icon_arrow_down_light.png using Guid(be10bf5baea1d0f47862d16596a1a4fa) Importer(815301076,1909f56bfc062723c751e8b465ee728b)  -> (artifact id: 'e2569b81a471be844e05b20d8db630c3') in 0.006244 seconds
Number of updated asset objects reloaded before import = 0
Number of asset objects unloaded after import = 2
========================================================================
Received Import Request.
  Time since last request: 0.000034 seconds.
  path: Assets/Textures/Default/input_rectangle.png
  artifactKey: Guid(57fdd6654dfa1ea42b9936c6a64c3c88) Importer(815301076,1909f56bfc062723c751e8b465ee728b)
Start importing Assets/Textures/Default/input_rectangle.png using Guid(57fdd6654dfa1ea42b9936c6a64c3c88) Importer(815301076,1909f56bfc062723c751e8b465ee728b)  -> (artifact id: 'd4d996c7a4f2d8c2c85e5e11fcdb9a73') in 0.006961 seconds
Number of updated asset objects reloaded before import = 0
Number of asset objects unloaded after import = 2
========================================================================
Received Import Request.
  Time since last request: 0.000032 seconds.
  path: Assets/Textures/Default/icon_arrow_down_outline.png
  artifactKey: Guid(859a687601f72ec48b7e8dea816723c3) Importer(815301076,1909f56bfc062723c751e8b465ee728b)
Start importing Assets/Textures/Default/icon_arrow_down_outline.png using Guid(859a687601f72ec48b7e8dea816723c3) Importer(815301076,1909f56bfc062723c751e8b465ee728b)  -> (artifact id: '7f62cbb8ff40253bdd61582ae35a35ca') in 0.014905 seconds
Number of updated asset objects reloaded before import = 0
Number of asset objects unloaded after import = 2
========================================================================
Received Import Request.
  Time since last request: 0.000023 seconds.
  path: Assets/Textures/Default/icon_play_outline.png
  artifactKey: Guid(b3b3edb92cb8c524690f920419aa16f2) Importer(815301076,1909f56bfc062723c751e8b465ee728b)
Start importing Assets/Textures/Default/icon_play_outline.png using Guid(b3b3edb92cb8c524690f920419aa16f2) Importer(815301076,1909f56bfc062723c751e8b465ee728b)  -> (artifact id: '3a52a6dd8d970426e7a9a7dd25753847') in 0.009158 seconds
Number of updated asset objects reloaded before import = 0
Number of asset objects unloaded after import = 2
========================================================================
Received Import Request.
  Time since last request: 0.000021 seconds.
  path: Assets/Textures/Default/divider.png
  artifactKey: Guid(473a5bb25b069754ead8aadb98e31476) Importer(815301076,1909f56bfc062723c751e8b465ee728b)
Start importing Assets/Textures/Default/divider.png using Guid(473a5bb25b069754ead8aadb98e31476) Importer(815301076,1909f56bfc062723c751e8b465ee728b)  -> (artifact id: '480e543c7d1ec6475d600e51c424e86b') in 0.010840 seconds
Number of updated asset objects reloaded before import = 0
Number of asset objects unloaded after import = 2
========================================================================
Received Import Request.
  Time since last request: 243.155452 seconds.
  path: Assets/Textures/Double/arrow_basic_e_small.png
  artifactKey: Guid(46b58a55890e97046970e525b1b26f90) Importer(815301076,1909f56bfc062723c751e8b465ee728b)
Start importing Assets/Textures/Double/arrow_basic_e_small.png using Guid(46b58a55890e97046970e525b1b26f90) Importer(815301076,1909f56bfc062723c751e8b465ee728b)  -> (artifact id: 'e0243316f3a3b265d03a8713662b81a0') in 0.037108 seconds
Number of updated asset objects reloaded before import = 0
Number of asset objects unloaded after import = 3
========================================================================
Received Import Request.
  Time since last request: 0.000023 seconds.
  path: Assets/Textures/Double/button_round_border.png
  artifactKey: Guid(c5c63fbdec8da02478bc14a226d2781a) Importer(815301076,1909f56bfc062723c751e8b465ee728b)
Start importing Assets/Textures/Double/button_round_border.png using Guid(c5c63fbdec8da02478bc14a226d2781a) Importer(815301076,1909f56bfc062723c751e8b465ee728b)  -> (artifact id: '03b50700bfa28301c96c5d140cda72ea') in 0.039814 seconds
Number of updated asset objects reloaded before import = 0
Number of asset objects unloaded after import = 3
========================================================================
Received Import Request.
  Time since last request: 0.000018 seconds.
  path: Assets/Textures/Double/arrow_decorative_w_small.png
  artifactKey: Guid(1b851eee52a2c5049a2755fdfe9002ee) Importer(815301076,1909f56bfc062723c751e8b465ee728b)
Start importing Assets/Textures/Double/arrow_decorative_w_small.png using Guid(1b851eee52a2c5049a2755fdfe9002ee) Importer(815301076,1909f56bfc062723c751e8b465ee728b)  -> (artifact id: '4e41a9260b268074b373034e2aae9873') in 0.031682 seconds
Number of updated asset objects reloaded before import = 0
Number of asset objects unloaded after import = 3
========================================================================
Received Import Request.
  Time since last request: 0.000027 seconds.
  path: Assets/Textures/Double/button_rectangle_depth_border.png
  artifactKey: Guid(fcea31c7eeb805d4fa5b530d636ae108) Importer(815301076,1909f56bfc062723c751e8b465ee728b)
Start importing Assets/Textures/Double/button_rectangle_depth_border.png using Guid(fcea31c7eeb805d4fa5b530d636ae108) Importer(815301076,1909f56bfc062723c751e8b465ee728b)  -> (artifact id: 'aa2a0cd4b271a712659d994dea865b39') in 0.014318 seconds
Number of updated asset objects reloaded before import = 0
Number of asset objects unloaded after import = 3
========================================================================
Received Import Request.
  Time since last request: 0.000031 seconds.
  path: Assets/Textures/Double/arrow_basic_w_small.png
  artifactKey: Guid(a95314030965edb44b5c49911a758dde) Importer(815301076,1909f56bfc062723c751e8b465ee728b)
Start importing Assets/Textures/Double/arrow_basic_w_small.png using Guid(a95314030965edb44b5c49911a758dde) Importer(815301076,1909f56bfc062723c751e8b465ee728b)  -> (artifact id: '73faad6d55f216d72e0b91b70888b803') in 0.036122 seconds
Number of updated asset objects reloaded before import = 0
Number of asset objects unloaded after import = 3
========================================================================
Received Import Request.
  Time since last request: 0.000020 seconds.
  path: Assets/Textures/Double/arrow_decorative_e_small.png
  artifactKey: Guid(2da107e8759f6ff4faf53174aaed72f7) Importer(815301076,1909f56bfc062723c751e8b465ee728b)
Start importing Assets/Textures/Double/arrow_decorative_e_small.png using Guid(2da107e8759f6ff4faf53174aaed72f7) Importer(815301076,1909f56bfc062723c751e8b465ee728b)  -> (artifact id: '168961d16bcd865f9b319e4bf02d249a') in 0.024583 seconds
Number of updated asset objects reloaded before import = 0
Number of asset objects unloaded after import = 3
========================================================================
Received Import Request.
  Time since last request: 0.000022 seconds.
  path: Assets/Textures/Double/arrow_basic_w.png
  artifactKey: Guid(589d60f1fcab66c4a9c7f21f03adb3e8) Importer(815301076,1909f56bfc062723c751e8b465ee728b)
Start importing Assets/Textures/Double/arrow_basic_w.png using Guid(589d60f1fcab66c4a9c7f21f03adb3e8) Importer(815301076,1909f56bfc062723c751e8b465ee728b)  -> (artifact id: '06bf8a569d6b1a30ee7392a337f3647e') in 0.027691 seconds
Number of updated asset objects reloaded before import = 0
Number of asset objects unloaded after import = 3
========================================================================
Received Import Request.
  Time since last request: 0.000020 seconds.
  path: Assets/Textures/Double/button_rectangle_depth_gradient.png
  artifactKey: Guid(63883c94b87e4404b9220e6fd866503b) Importer(815301076,1909f56bfc062723c751e8b465ee728b)
Start importing Assets/Textures/Double/button_rectangle_depth_gradient.png using Guid(63883c94b87e4404b9220e6fd866503b) Importer(815301076,1909f56bfc062723c751e8b465ee728b)  -> (artifact id: '4ef10ea17450fbd0113b3b31bedc4045') in 0.014718 seconds
Number of updated asset objects reloaded before import = 0
Number of asset objects unloaded after import = 3
========================================================================
Received Import Request.
  Time since last request: 0.000023 seconds.
  path: Assets/Textures/Double/button_round_depth_flat.png
  artifactKey: Guid(7d3d71662504d1e4dafba22d278c8931) Importer(815301076,1909f56bfc062723c751e8b465ee728b)
Start importing Assets/Textures/Double/button_round_depth_flat.png using Guid(7d3d71662504d1e4dafba22d278c8931) Importer(815301076,1909f56bfc062723c751e8b465ee728b)  -> (artifact id: '41f551ebc75811fa7e1cc2bbc9d6534d') in 0.010797 seconds
Number of updated asset objects reloaded before import = 0
Number of asset objects unloaded after import = 3
========================================================================
Received Import Request.
  Time since last request: 0.000029 seconds.
  path: Assets/Textures/Double/arrow_basic_s_small.png
  artifactKey: Guid(e397c4212bcf15f4796dc6845815707b) Importer(815301076,1909f56bfc062723c751e8b465ee728b)
Start importing Assets/Textures/Double/arrow_basic_s_small.png using Guid(e397c4212bcf15f4796dc6845815707b) Importer(815301076,1909f56bfc062723c751e8b465ee728b)  -> (artifact id: '006d6557d72fa915d53facaada4d2f9e') in 0.016324 seconds
Number of updated asset objects reloaded before import = 0
Number of asset objects unloaded after import = 3
========================================================================
Received Import Request.
  Time since last request: 0.000020 seconds.
  path: Assets/Textures/Double/arrow_decorative_e.png
  artifactKey: Guid(1190610d290b6d34f9e9797eb5beb184) Importer(815301076,1909f56bfc062723c751e8b465ee728b)
Start importing Assets/Textures/Double/arrow_decorative_e.png using Guid(1190610d290b6d34f9e9797eb5beb184) Importer(815301076,1909f56bfc062723c751e8b465ee728b)  -> (artifact id: '0999b553388aa8de5a30e113600b2f7b') in 0.017019 seconds
Number of updated asset objects reloaded before import = 0
Number of asset objects unloaded after import = 3
========================================================================
Received Import Request.
  Time since last request: 0.000023 seconds.
  path: Assets/Textures/Double/arrow_decorative_s.png
  artifactKey: Guid(143651878b2bb6a4daabae1d0a77c3b8) Importer(815301076,1909f56bfc062723c751e8b465ee728b)
Start importing Assets/Textures/Double/arrow_decorative_s.png using Guid(143651878b2bb6a4daabae1d0a77c3b8) Importer(815301076,1909f56bfc062723c751e8b465ee728b)  -> (artifact id: '84a4fa62dc709b2af96646f500d1b0cc') in 0.018508 seconds
Number of updated asset objects reloaded before import = 0
Number of asset objects unloaded after import = 3
========================================================================
Received Import Request.
  Time since last request: 0.000023 seconds.
  path: Assets/Textures/Double/arrow_decorative_w.png
  artifactKey: Guid(25562b19fe90d144cb6279b6dbad2412) Importer(815301076,1909f56bfc062723c751e8b465ee728b)
Start importing Assets/Textures/Double/arrow_decorative_w.png using Guid(25562b19fe90d144cb6279b6dbad2412) Importer(815301076,1909f56bfc062723c751e8b465ee728b)  -> (artifact id: 'a602dcec22fbead458b6966c7290efa6') in 0.015043 seconds
Number of updated asset objects reloaded before import = 0
Number of asset objects unloaded after import = 3
========================================================================
Received Import Request.
  Time since last request: 0.000021 seconds.
  path: Assets/Textures/Double/button_rectangle_border.png
  artifactKey: Guid(19150d99c5d8e7a4f814c8ab7040cee6) Importer(815301076,1909f56bfc062723c751e8b465ee728b)
Start importing Assets/Textures/Double/button_rectangle_border.png using Guid(19150d99c5d8e7a4f814c8ab7040cee6) Importer(815301076,1909f56bfc062723c751e8b465ee728b)  -> (artifact id: '9218fae3a9450abf7f9544900c7d4dc2') in 0.009863 seconds
Number of updated asset objects reloaded before import = 0
Number of asset objects unloaded after import = 3
========================================================================
Received Import Request.
  Time since last request: 0.000021 seconds.
  path: Assets/Textures/Double/button_rectangle_flat.png
  artifactKey: Guid(fb8a4341b305e8442aa3525720e4dd32) Importer(815301076,1909f56bfc062723c751e8b465ee728b)
Start importing Assets/Textures/Double/button_rectangle_flat.png using Guid(fb8a4341b305e8442aa3525720e4dd32) Importer(815301076,1909f56bfc062723c751e8b465ee728b)  -> (artifact id: 'd2b741c97184fb084ed1c2776664cf77') in 0.010492 seconds
Number of updated asset objects reloaded before import = 0
Number of asset objects unloaded after import = 3
========================================================================
Received Import Request.
  Time since last request: 0.000025 seconds.
  path: Assets/Textures/Double/button_round_depth_gloss.png
  artifactKey: Guid(82f4c02f8708c014fa9032f6862cd346) Importer(815301076,1909f56bfc062723c751e8b465ee728b)
Start importing Assets/Textures/Double/button_round_depth_gloss.png using Guid(82f4c02f8708c014fa9032f6862cd346) Importer(815301076,1909f56bfc062723c751e8b465ee728b)  -> (artifact id: '25616f48928638a3fa2c7bb9b012670b') in 0.010737 seconds
Number of updated asset objects reloaded before import = 0
Number of asset objects unloaded after import = 3
========================================================================
Received Import Request.
  Time since last request: 0.531826 seconds.
  path: Assets/Textures/Double/button_round_line.png
  artifactKey: Guid(2c063254e327ef248ae72b2e97fcad4e) Importer(815301076,1909f56bfc062723c751e8b465ee728b)
Start importing Assets/Textures/Double/button_round_line.png using Guid(2c063254e327ef248ae72b2e97fcad4e) Importer(815301076,1909f56bfc062723c751e8b465ee728b)  -> (artifact id: 'cde3772864c3d8c96798bb657c01690e') in 0.011859 seconds
Number of updated asset objects reloaded before import = 0
Number of asset objects unloaded after import = 3
========================================================================
Received Import Request.
  Time since last request: 0.000023 seconds.
  path: Assets/Textures/Double/button_square_gloss.png
  artifactKey: Guid(3d63599f72c502041a1039c23e664f3a) Importer(815301076,1909f56bfc062723c751e8b465ee728b)
Start importing Assets/Textures/Double/button_square_gloss.png using Guid(3d63599f72c502041a1039c23e664f3a) Importer(815301076,1909f56bfc062723c751e8b465ee728b)  -> (artifact id: '03296a10813afe228a4982b9737b9c52') in 0.010943 seconds
Number of updated asset objects reloaded before import = 0
Number of asset objects unloaded after import = 3
========================================================================
Received Import Request.
  Time since last request: 0.000016 seconds.
  path: Assets/Textures/Double/button_square_depth_gradient.png
  artifactKey: Guid(5e5d8a0caad080a44b78d9c4967f0a32) Importer(815301076,1909f56bfc062723c751e8b465ee728b)
Start importing Assets/Textures/Double/button_square_depth_gradient.png using Guid(5e5d8a0caad080a44b78d9c4967f0a32) Importer(815301076,1909f56bfc062723c751e8b465ee728b)  -> (artifact id: '039e14234bd213bef7a0ad47c196d8cf') in 0.011124 seconds
Number of updated asset objects reloaded before import = 0
Number of asset objects unloaded after import = 3
========================================================================
Received Import Request.
  Time since last request: 0.000030 seconds.
  path: Assets/Textures/Double/button_square_depth_flat.png
  artifactKey: Guid(b4c62dd140e060040b49e9e977ca5bc4) Importer(815301076,1909f56bfc062723c751e8b465ee728b)
Start importing Assets/Textures/Double/button_square_depth_flat.png using Guid(b4c62dd140e060040b49e9e977ca5bc4) Importer(815301076,1909f56bfc062723c751e8b465ee728b)  -> (artifact id: 'c23647d5b69376c8ac9280d065b984bb') in 0.012290 seconds
Number of updated asset objects reloaded before import = 0
Number of asset objects unloaded after import = 3
========================================================================
Received Import Request.
  Time since last request: 0.000023 seconds.
  path: Assets/Textures/Double/button_square_depth_gloss.png
  artifactKey: Guid(0598099abb9b57349a680e1ca53934f4) Importer(815301076,1909f56bfc062723c751e8b465ee728b)
Start importing Assets/Textures/Double/button_square_depth_gloss.png using Guid(0598099abb9b57349a680e1ca53934f4) Importer(815301076,1909f56bfc062723c751e8b465ee728b)  -> (artifact id: '6dc232bd31a6fdc9a8187289cc6ca232') in 0.012138 seconds
Number of updated asset objects reloaded before import = 0
Number of asset objects unloaded after import = 3
========================================================================
Received Import Request.
  Time since last request: 0.000146 seconds.
  path: Assets/Textures/Double/button_square_border.png
  artifactKey: Guid(05360ac266c07e747a93adb5bd14f9c5) Importer(815301076,1909f56bfc062723c751e8b465ee728b)
Start importing Assets/Textures/Double/button_square_border.png using Guid(05360ac266c07e747a93adb5bd14f9c5) Importer(815301076,1909f56bfc062723c751e8b465ee728b)  -> (artifact id: 'b3b601a0f6577e7ae3fa7adbf947f072') in 0.010898 seconds
Number of updated asset objects reloaded before import = 0
Number of asset objects unloaded after import = 3
========================================================================
Received Import Request.
  Time since last request: 0.346060 seconds.
  path: Assets/Textures/Double/check_round_color.png
  artifactKey: Guid(558ab137f9659af4982efa7fe3cdbef0) Importer(815301076,1909f56bfc062723c751e8b465ee728b)
Start importing Assets/Textures/Double/check_round_color.png using Guid(558ab137f9659af4982efa7fe3cdbef0) Importer(815301076,1909f56bfc062723c751e8b465ee728b)  -> (artifact id: 'dab5060145dcf0b588f977bfbf40c257') in 0.012349 seconds
Number of updated asset objects reloaded before import = 0
Number of asset objects unloaded after import = 3
========================================================================
Received Import Request.
  Time since last request: 0.000021 seconds.
  path: Assets/Textures/Double/check_square_color_square.png
  artifactKey: Guid(ad8a17c6a6a60ae40becc426a9c546a2) Importer(815301076,1909f56bfc062723c751e8b465ee728b)
Start importing Assets/Textures/Double/check_square_color_square.png using Guid(ad8a17c6a6a60ae40becc426a9c546a2) Importer(815301076,1909f56bfc062723c751e8b465ee728b)  -> (artifact id: '89b10b9854bb86a298db5326a48b3f19') in 0.010866 seconds
Number of updated asset objects reloaded before import = 0
Number of asset objects unloaded after import = 3
========================================================================
Received Import Request.
  Time since last request: 0.000029 seconds.
  path: Assets/Textures/Double/check_round_grey_circle.png
  artifactKey: Guid(ab37ca21ec5b1c5468f4457c19359c85) Importer(815301076,1909f56bfc062723c751e8b465ee728b)
Start importing Assets/Textures/Double/check_round_grey_circle.png using Guid(ab37ca21ec5b1c5468f4457c19359c85) Importer(815301076,1909f56bfc062723c751e8b465ee728b)  -> (artifact id: 'aab72827464edfb0d6ffab1d2c0f50ec') in 0.010163 seconds
Number of updated asset objects reloaded before import = 0
Number of asset objects unloaded after import = 3
========================================================================
Received Import Request.
  Time since last request: 0.000034 seconds.
  path: Assets/Textures/Double/check_square_grey.png
  artifactKey: Guid(60120cb94e2ddc44c8e465502f552218) Importer(815301076,1909f56bfc062723c751e8b465ee728b)
Start importing Assets/Textures/Double/check_square_grey.png using Guid(60120cb94e2ddc44c8e465502f552218) Importer(815301076,1909f56bfc062723c751e8b465ee728b)  -> (artifact id: 'd01f0cea894e64e2d7d1dc4ddd66e7a8') in 0.009446 seconds
Number of updated asset objects reloaded before import = 0
Number of asset objects unloaded after import = 3
========================================================================
Received Import Request.
  Time since last request: 0.000032 seconds.
  path: Assets/Textures/Double/check_square_color_cross.png
  artifactKey: Guid(0e20662b2cb9be64abed482b77471d13) Importer(815301076,1909f56bfc062723c751e8b465ee728b)
Start importing Assets/Textures/Double/check_square_color_cross.png using Guid(0e20662b2cb9be64abed482b77471d13) Importer(815301076,1909f56bfc062723c751e8b465ee728b)  -> (artifact id: '790b2f8c4353633b39a290c375d7f57e') in 0.009724 seconds
Number of updated asset objects reloaded before import = 0
Number of asset objects unloaded after import = 3
========================================================================
Received Import Request.
  Time since last request: 0.000021 seconds.
  path: Assets/Textures/Double/check_square_grey_checkmark.png
  artifactKey: Guid(18a6d8b8b92a9354c88421e3b8ff6a6d) Importer(815301076,1909f56bfc062723c751e8b465ee728b)
Start importing Assets/Textures/Double/check_square_grey_checkmark.png using Guid(18a6d8b8b92a9354c88421e3b8ff6a6d) Importer(815301076,1909f56bfc062723c751e8b465ee728b)  -> (artifact id: '45fd1c604c5e836dfb586f31b867a22f') in 0.009358 seconds
Number of updated asset objects reloaded before import = 0
Number of asset objects unloaded after import = 3
========================================================================
Received Import Request.
  Time since last request: 0.239695 seconds.
  path: Assets/Textures/Double/check_square_grey_square.png
  artifactKey: Guid(86719b15baad5f7488f5f3836c933a08) Importer(815301076,1909f56bfc062723c751e8b465ee728b)
Start importing Assets/Textures/Double/check_square_grey_square.png using Guid(86719b15baad5f7488f5f3836c933a08) Importer(815301076,1909f56bfc062723c751e8b465ee728b)  -> (artifact id: '92bd4f4340869ebb8fd7e21090c95193') in 0.011931 seconds
Number of updated asset objects reloaded before import = 0
Number of asset objects unloaded after import = 3
========================================================================
Received Import Request.
  Time since last request: 0.000328 seconds.
  path: Assets/Textures/Double/icon_outline_cross.png
  artifactKey: Guid(8b5b987a1a1d2ea4c809f45c822a9cc6) Importer(815301076,1909f56bfc062723c751e8b465ee728b)
Start importing Assets/Textures/Double/icon_outline_cross.png using Guid(8b5b987a1a1d2ea4c809f45c822a9cc6) Importer(815301076,1909f56bfc062723c751e8b465ee728b)  -> (artifact id: 'e091d9170804738d0732e7e017feda2a') in 0.038178 seconds
Number of updated asset objects reloaded before import = 0
Number of asset objects unloaded after import = 3
========================================================================
Received Import Request.
  Time since last request: 0.000024 seconds.
  path: Assets/Textures/Double/icon_outline_circle.png
  artifactKey: Guid(876e70056df986a459411d31d10fc03d) Importer(815301076,1909f56bfc062723c751e8b465ee728b)
Start importing Assets/Textures/Double/icon_outline_circle.png using Guid(876e70056df986a459411d31d10fc03d) Importer(815301076,1909f56bfc062723c751e8b465ee728b)  -> (artifact id: '0afa8fe57c7280012b95b7a73f46d6f4') in 0.011660 seconds
Number of updated asset objects reloaded before import = 0
Number of asset objects unloaded after import = 3
========================================================================
Received Import Request.
  Time since last request: 0.000020 seconds.
  path: Assets/Textures/Double/icon_outline_square.png
  artifactKey: Guid(dd48338d782dfd0419a6ec67fe7a3f31) Importer(815301076,1909f56bfc062723c751e8b465ee728b)
Start importing Assets/Textures/Double/icon_outline_square.png using Guid(dd48338d782dfd0419a6ec67fe7a3f31) Importer(815301076,1909f56bfc062723c751e8b465ee728b)  -> (artifact id: '97c8b0dfa236c564f72c5d9b31c05d6d') in 0.010091 seconds
Number of updated asset objects reloaded before import = 0
Number of asset objects unloaded after import = 3
========================================================================
Received Import Request.
  Time since last request: 0.000029 seconds.
  path: Assets/Textures/Double/slide_hangle.png
  artifactKey: Guid(d8f5cbe94febe0d47911aba4e84f6506) Importer(815301076,1909f56bfc062723c751e8b465ee728b)
Start importing Assets/Textures/Double/slide_hangle.png using Guid(d8f5cbe94febe0d47911aba4e84f6506) Importer(815301076,1909f56bfc062723c751e8b465ee728b)  -> (artifact id: 'e8ea16376e52c44ad1cb6ef1dc3a0cf8') in 0.011676 seconds
Number of updated asset objects reloaded before import = 0
Number of asset objects unloaded after import = 3
========================================================================
Received Import Request.
  Time since last request: 0.000026 seconds.
  path: Assets/Textures/Double/icon_outline_checkmark.png
  artifactKey: Guid(5219fd119eceae0489ffbe65f97a7e37) Importer(815301076,1909f56bfc062723c751e8b465ee728b)
Start importing Assets/Textures/Double/icon_outline_checkmark.png using Guid(5219fd119eceae0489ffbe65f97a7e37) Importer(815301076,1909f56bfc062723c751e8b465ee728b)  -> (artifact id: '455860f0224bf6306e095fe02dc55385') in 0.012612 seconds
Number of updated asset objects reloaded before import = 0
Number of asset objects unloaded after import = 3
========================================================================
Received Import Request.
  Time since last request: 0.631436 seconds.
  path: Assets/Textures/Double/slide_horizontal_color_section.png
  artifactKey: Guid(1d69bbffee1149e428aeb7982449e79d) Importer(815301076,1909f56bfc062723c751e8b465ee728b)
Start importing Assets/Textures/Double/slide_horizontal_color_section.png using Guid(1d69bbffee1149e428aeb7982449e79d) Importer(815301076,1909f56bfc062723c751e8b465ee728b)  -> (artifact id: 'd172290b1fb8a7866af05e2aaebbb018') in 0.010129 seconds
Number of updated asset objects reloaded before import = 0
Number of asset objects unloaded after import = 3
========================================================================
Received Import Request.
  Time since last request: 0.000016 seconds.
  path: Assets/Textures/Double/slide_horizontal_grey_section.png
  artifactKey: Guid(5f7ccc5714bdc0244a97c388da30bfac) Importer(815301076,1909f56bfc062723c751e8b465ee728b)
Start importing Assets/Textures/Double/slide_horizontal_grey_section.png using Guid(5f7ccc5714bdc0244a97c388da30bfac) Importer(815301076,1909f56bfc062723c751e8b465ee728b)  -> (artifact id: '5cc9935c2e748505b3d32dcc15b7973a') in 0.013476 seconds
Number of updated asset objects reloaded before import = 0
Number of asset objects unloaded after import = 3
========================================================================
Received Import Request.
  Time since last request: 0.000020 seconds.
  path: Assets/Textures/Double/slide_horizontal_grey.png
  artifactKey: Guid(f426a6c6d1e6c4342b6aa5482e25cf33) Importer(815301076,1909f56bfc062723c751e8b465ee728b)
Start importing Assets/Textures/Double/slide_horizontal_grey.png using Guid(f426a6c6d1e6c4342b6aa5482e25cf33) Importer(815301076,1909f56bfc062723c751e8b465ee728b)  -> (artifact id: '5a61296ebf000af185c1fbbd9d5500eb') in 0.013560 seconds
Number of updated asset objects reloaded before import = 0
Number of asset objects unloaded after import = 3
========================================================================
Received Import Request.
  Time since last request: 0.000027 seconds.
  path: Assets/Textures/Double/slide_horizontal_grey_section_wide.png
  artifactKey: Guid(62ac4a139e4ed6f4089444df45d057a3) Importer(815301076,1909f56bfc062723c751e8b465ee728b)
Start importing Assets/Textures/Double/slide_horizontal_grey_section_wide.png using Guid(62ac4a139e4ed6f4089444df45d057a3) Importer(815301076,1909f56bfc062723c751e8b465ee728b)  -> (artifact id: 'e7a4b6d169820d000829faeb2c5c4272') in 0.011301 seconds
Number of updated asset objects reloaded before import = 0
Number of asset objects unloaded after import = 3
========================================================================
Received Import Request.
  Time since last request: 0.000024 seconds.
  path: Assets/Textures/Double/slide_vertical_color_section.png
  artifactKey: Guid(6b8a01582f363b248a91b63a2a43ec66) Importer(815301076,1909f56bfc062723c751e8b465ee728b)
Start importing Assets/Textures/Double/slide_vertical_color_section.png using Guid(6b8a01582f363b248a91b63a2a43ec66) Importer(815301076,1909f56bfc062723c751e8b465ee728b)  -> (artifact id: 'db84560aeb86bac93354fb19063cde2b') in 0.012347 seconds
Number of updated asset objects reloaded before import = 0
Number of asset objects unloaded after import = 3
========================================================================
Received Import Request.
  Time since last request: 0.000020 seconds.
  path: Assets/Textures/Double/slide_vertical_color_section_wide.png
  artifactKey: Guid(440f17b461f83834a88be8d901e24cc0) Importer(815301076,1909f56bfc062723c751e8b465ee728b)
Start importing Assets/Textures/Double/slide_vertical_color_section_wide.png using Guid(440f17b461f83834a88be8d901e24cc0) Importer(815301076,1909f56bfc062723c751e8b465ee728b)  -> (artifact id: 'edfe10d728a2dd98f23279135c4d6ad4') in 0.015510 seconds
Number of updated asset objects reloaded before import = 0
Number of asset objects unloaded after import = 3
========================================================================
Received Import Request.
  Time since last request: 0.116014 seconds.
  path: Assets/Textures/Double/star.png
  artifactKey: Guid(f47a2fb6370560e4caba52549551ee90) Importer(815301076,1909f56bfc062723c751e8b465ee728b)
Start importing Assets/Textures/Double/star.png using Guid(f47a2fb6370560e4caba52549551ee90) Importer(815301076,1909f56bfc062723c751e8b465ee728b)  -> (artifact id: '3e131be4a4c72093d85aa7b37e34ae33') in 0.013910 seconds
Number of updated asset objects reloaded before import = 0
Number of asset objects unloaded after import = 3
========================================================================
Received Import Request.
  Time since last request: 0.000026 seconds.
  path: Assets/Textures/Double/star_outline_depth.png
  artifactKey: Guid(d553fca4280731a46815fa05871d0cbd) Importer(815301076,1909f56bfc062723c751e8b465ee728b)
Start importing Assets/Textures/Double/star_outline_depth.png using Guid(d553fca4280731a46815fa05871d0cbd) Importer(815301076,1909f56bfc062723c751e8b465ee728b)  -> (artifact id: 'ff034a2cc48e21aa3f5df9618f3ec62b') in 0.010595 seconds
Number of updated asset objects reloaded before import = 0
Number of asset objects unloaded after import = 3
========================================================================
Received Import Request.
  Time since last request: 19.982198 seconds.
  path: Assets/Textures/Double/button_square_line.png
  artifactKey: Guid(7b20ab17d0a80834999a730124b84f8c) Importer(815301076,1909f56bfc062723c751e8b465ee728b)
Start importing Assets/Textures/Double/button_square_line.png using Guid(7b20ab17d0a80834999a730124b84f8c) Importer(815301076,1909f56bfc062723c751e8b465ee728b)  -> (artifact id: 'a5f169d1291628c68daf674a8a7e61dd') in 0.010127 seconds
Number of updated asset objects reloaded before import = 0
Number of asset objects unloaded after import = 2
========================================================================
Received Import Request.
  Time since last request: 0.000018 seconds.
  path: Assets/Textures/Double/icon_outline_cross.png
  artifactKey: Guid(8b5b987a1a1d2ea4c809f45c822a9cc6) Importer(815301076,1909f56bfc062723c751e8b465ee728b)
Start importing Assets/Textures/Double/icon_outline_cross.png using Guid(8b5b987a1a1d2ea4c809f45c822a9cc6) Importer(815301076,1909f56bfc062723c751e8b465ee728b)  -> (artifact id: 'db8405e40c9fadd47fb8a0bb0a3bffce') in 0.013836 seconds
Number of updated asset objects reloaded before import = 0
Number of asset objects unloaded after import = 2
========================================================================
Received Import Request.
  Time since last request: 0.000014 seconds.
  path: Assets/Textures/Double/icon_square.png
  artifactKey: Guid(ee5051760b057114782470dc68c2b53b) Importer(815301076,1909f56bfc062723c751e8b465ee728b)
Start importing Assets/Textures/Double/icon_square.png using Guid(ee5051760b057114782470dc68c2b53b) Importer(815301076,1909f56bfc062723c751e8b465ee728b)  -> (artifact id: '5eeb53a0b9c7a4e3422c251cf915fa09') in 0.009099 seconds
Number of updated asset objects reloaded before import = 0
Number of asset objects unloaded after import = 2
========================================================================
Received Import Request.
  Time since last request: 0.000020 seconds.
  path: Assets/Textures/Double/icon_checkmark.png
  artifactKey: Guid(3fed45288ecf5624e9a58e15e93f7dbd) Importer(815301076,1909f56bfc062723c751e8b465ee728b)
Start importing Assets/Textures/Double/icon_checkmark.png using Guid(3fed45288ecf5624e9a58e15e93f7dbd) Importer(815301076,1909f56bfc062723c751e8b465ee728b)  -> (artifact id: '1efa61337d4537601877f9623f92af45') in 0.008901 seconds
Number of updated asset objects reloaded before import = 0
Number of asset objects unloaded after import = 2
========================================================================
Received Import Request.
  Time since last request: 0.000030 seconds.
  path: Assets/Textures/Double/slide_vertical_grey.png
  artifactKey: Guid(16ee6365fc7fa594dad101d51392d249) Importer(815301076,1909f56bfc062723c751e8b465ee728b)
Start importing Assets/Textures/Double/slide_vertical_grey.png using Guid(16ee6365fc7fa594dad101d51392d249) Importer(815301076,1909f56bfc062723c751e8b465ee728b)  -> (artifact id: 'b5aa022cb96392862916fb9ae84d60f0') in 0.009412 seconds
Number of updated asset objects reloaded before import = 0
Number of asset objects unloaded after import = 2
========================================================================
Received Import Request.
  Time since last request: 0.000094 seconds.
  path: Assets/Textures/Double/icon_outline_square.png
  artifactKey: Guid(dd48338d782dfd0419a6ec67fe7a3f31) Importer(815301076,1909f56bfc062723c751e8b465ee728b)
Start importing Assets/Textures/Double/icon_outline_square.png using Guid(dd48338d782dfd0419a6ec67fe7a3f31) Importer(815301076,1909f56bfc062723c751e8b465ee728b)  -> (artifact id: '233878f529e159ea81557981f30127c8') in 0.012397 seconds
Number of updated asset objects reloaded before import = 0
Number of asset objects unloaded after import = 2
========================================================================
Received Import Request.
  Time since last request: 0.000042 seconds.
  path: Assets/Textures/Double/check_square_color_square.png
  artifactKey: Guid(ad8a17c6a6a60ae40becc426a9c546a2) Importer(815301076,1909f56bfc062723c751e8b465ee728b)
Start importing Assets/Textures/Double/check_square_color_square.png using Guid(ad8a17c6a6a60ae40becc426a9c546a2) Importer(815301076,1909f56bfc062723c751e8b465ee728b)  -> (artifact id: '2a0667f9caaca695cd31bf55ff0b2cee') in 0.009508 seconds
Number of updated asset objects reloaded before import = 0
Number of asset objects unloaded after import = 2
========================================================================
Received Import Request.
  Time since last request: 0.000055 seconds.
  path: Assets/Textures/Double/check_round_color.png
  artifactKey: Guid(558ab137f9659af4982efa7fe3cdbef0) Importer(815301076,1909f56bfc062723c751e8b465ee728b)
Start importing Assets/Textures/Double/check_round_color.png using Guid(558ab137f9659af4982efa7fe3cdbef0) Importer(815301076,1909f56bfc062723c751e8b465ee728b)  -> (artifact id: 'd9e37a0b64bfd3e57c5e7c66d464e16d') in 0.009673 seconds
Number of updated asset objects reloaded before import = 0
Number of asset objects unloaded after import = 2
========================================================================
Received Import Request.
  Time since last request: 0.000024 seconds.
  path: Assets/Textures/Double/slide_horizontal_grey_section_wide.png
  artifactKey: Guid(62ac4a139e4ed6f4089444df45d057a3) Importer(815301076,1909f56bfc062723c751e8b465ee728b)
Start importing Assets/Textures/Double/slide_horizontal_grey_section_wide.png using Guid(62ac4a139e4ed6f4089444df45d057a3) Importer(815301076,1909f56bfc062723c751e8b465ee728b)  -> (artifact id: '73329244ac55349b6ed21d70080ed17e') in 0.012371 seconds
Number of updated asset objects reloaded before import = 0
Number of asset objects unloaded after import = 2
========================================================================
Received Import Request.
  Time since last request: 0.000023 seconds.
  path: Assets/Textures/Double/check_square_grey_cross.png
  artifactKey: Guid(74a6c0bf3961c5749a7c804e6dc8eaeb) Importer(815301076,1909f56bfc062723c751e8b465ee728b)
Start importing Assets/Textures/Double/check_square_grey_cross.png using Guid(74a6c0bf3961c5749a7c804e6dc8eaeb) Importer(815301076,1909f56bfc062723c751e8b465ee728b)  -> (artifact id: 'da1cdaffeb0ff40d698ba96485e84b20') in 0.010902 seconds
Number of updated asset objects reloaded before import = 0
Number of asset objects unloaded after import = 2
========================================================================
Received Import Request.
  Time since last request: 0.000019 seconds.
  path: Assets/Textures/Double/slide_vertical_color_section.png
  artifactKey: Guid(6b8a01582f363b248a91b63a2a43ec66) Importer(815301076,1909f56bfc062723c751e8b465ee728b)
Start importing Assets/Textures/Double/slide_vertical_color_section.png using Guid(6b8a01582f363b248a91b63a2a43ec66) Importer(815301076,1909f56bfc062723c751e8b465ee728b)  -> (artifact id: 'a1d4e0c2e2c59d8697b03ebdb1315f13') in 0.008400 seconds
Number of updated asset objects reloaded before import = 0
Number of asset objects unloaded after import = 2
========================================================================
Received Import Request.
  Time since last request: 0.000014 seconds.
  path: Assets/Textures/Double/check_square_color_checkmark.png
  artifactKey: Guid(28022de5cffe72748be12203f8d2d45a) Importer(815301076,1909f56bfc062723c751e8b465ee728b)
Start importing Assets/Textures/Double/check_square_color_checkmark.png using Guid(28022de5cffe72748be12203f8d2d45a) Importer(815301076,1909f56bfc062723c751e8b465ee728b)  -> (artifact id: '7a8de63dfcad51730535cfd924d0d850') in 0.014663 seconds
Number of updated asset objects reloaded before import = 0
Number of asset objects unloaded after import = 2
========================================================================
Received Import Request.
  Time since last request: 0.000023 seconds.
  path: Assets/Textures/Double/check_square_grey.png
  artifactKey: Guid(60120cb94e2ddc44c8e465502f552218) Importer(815301076,1909f56bfc062723c751e8b465ee728b)
Start importing Assets/Textures/Double/check_square_grey.png using Guid(60120cb94e2ddc44c8e465502f552218) Importer(815301076,1909f56bfc062723c751e8b465ee728b)  -> (artifact id: '859bbaf5c5c6f9c40c19eb618335301a') in 0.013649 seconds
Number of updated asset objects reloaded before import = 0
Number of asset objects unloaded after import = 2
========================================================================
Received Import Request.
  Time since last request: 0.000016 seconds.
  path: Assets/Textures/Double/check_square_color.png
  artifactKey: Guid(c2eb73f53d841804a9a3ad8c5f84198d) Importer(815301076,1909f56bfc062723c751e8b465ee728b)
Start importing Assets/Textures/Double/check_square_color.png using Guid(c2eb73f53d841804a9a3ad8c5f84198d) Importer(815301076,1909f56bfc062723c751e8b465ee728b)  -> (artifact id: '2594bf64eb2eda50cde43eb1dc6bd723') in 0.015522 seconds
Number of updated asset objects reloaded before import = 0
Number of asset objects unloaded after import = 2
========================================================================
Received Import Request.
  Time since last request: 0.000023 seconds.
  path: Assets/Textures/Double/slide_vertical_color_section_wide.png
  artifactKey: Guid(440f17b461f83834a88be8d901e24cc0) Importer(815301076,1909f56bfc062723c751e8b465ee728b)
Start importing Assets/Textures/Double/slide_vertical_color_section_wide.png using Guid(440f17b461f83834a88be8d901e24cc0) Importer(815301076,1909f56bfc062723c751e8b465ee728b)  -> (artifact id: 'b9e2315dd1487aa88a70ce8a2e7c4b92') in 0.012792 seconds
Number of updated asset objects reloaded before import = 0
Number of asset objects unloaded after import = 2
========================================================================
Received Import Request.
  Time since last request: 0.000018 seconds.
  path: Assets/Textures/Double/check_square_grey_checkmark.png
  artifactKey: Guid(18a6d8b8b92a9354c88421e3b8ff6a6d) Importer(815301076,1909f56bfc062723c751e8b465ee728b)
Start importing Assets/Textures/Double/check_square_grey_checkmark.png using Guid(18a6d8b8b92a9354c88421e3b8ff6a6d) Importer(815301076,1909f56bfc062723c751e8b465ee728b)  -> (artifact id: '9cef68548da6f5fe41b93b18d1e0a1ff') in 0.014812 seconds
Number of updated asset objects reloaded before import = 0
Number of asset objects unloaded after import = 2
========================================================================
Received Import Request.
  Time since last request: 68.257429 seconds.
  path: Assets/Textures/Double/star.png
  artifactKey: Guid(f47a2fb6370560e4caba52549551ee90) Importer(815301076,1909f56bfc062723c751e8b465ee728b)
Start importing Assets/Textures/Double/star.png using Guid(f47a2fb6370560e4caba52549551ee90) Importer(815301076,1909f56bfc062723c751e8b465ee728b)  -> (artifact id: 'a92b06627778db6097beee2dabac9ec4') in 0.012377 seconds
Number of updated asset objects reloaded before import = 0
Number of asset objects unloaded after import = 2
========================================================================
Received Import Request.
  Time since last request: 0.000026 seconds.
  path: Assets/Textures/Double/star_outline_depth.png
  artifactKey: Guid(d553fca4280731a46815fa05871d0cbd) Importer(815301076,1909f56bfc062723c751e8b465ee728b)
Start importing Assets/Textures/Double/star_outline_depth.png using Guid(d553fca4280731a46815fa05871d0cbd) Importer(815301076,1909f56bfc062723c751e8b465ee728b)  -> (artifact id: '5b46c822ef9e5ae8c97f6991ae6f328c') in 0.019533 seconds
Number of updated asset objects reloaded before import = 0
Number of asset objects unloaded after import = 2
========================================================================
Received Import Request.
  Time since last request: 1.307898 seconds.
  path: Assets/Textures/Double/button_round_gradient.png
  artifactKey: Guid(aeb6c4ad1bf31da459bef3db2ad52caa) Importer(815301076,1909f56bfc062723c751e8b465ee728b)
Start importing Assets/Textures/Double/button_round_gradient.png using Guid(aeb6c4ad1bf31da459bef3db2ad52caa) Importer(815301076,1909f56bfc062723c751e8b465ee728b)  -> (artifact id: '3312729e2ba1bb63726031b7597c7b9c') in 0.015721 seconds
Number of updated asset objects reloaded before import = 0
Number of asset objects unloaded after import = 2
========================================================================
Received Import Request.
  Time since last request: 0.000023 seconds.
  path: Assets/Textures/Double/button_square_depth_line.png
  artifactKey: Guid(59a2edf948946c543ab337cc266b05a0) Importer(815301076,1909f56bfc062723c751e8b465ee728b)
Start importing Assets/Textures/Double/button_square_depth_line.png using Guid(59a2edf948946c543ab337cc266b05a0) Importer(815301076,1909f56bfc062723c751e8b465ee728b)  -> (artifact id: 'f37d3a3e10ce3c6253d16e6772bd1988') in 0.012139 seconds
Number of updated asset objects reloaded before import = 0
Number of asset objects unloaded after import = 2
========================================================================
Received Import Request.
  Time since last request: 0.000019 seconds.
  path: Assets/Textures/Double/button_square_flat.png
  artifactKey: Guid(15d86d4535b698c4cb48b1b1556b8552) Importer(815301076,1909f56bfc062723c751e8b465ee728b)
Start importing Assets/Textures/Double/button_square_flat.png using Guid(15d86d4535b698c4cb48b1b1556b8552) Importer(815301076,1909f56bfc062723c751e8b465ee728b)  -> (artifact id: 'e5db67b953b9379633010b0327f7d3b5') in 0.010833 seconds
Number of updated asset objects reloaded before import = 0
Number of asset objects unloaded after import = 2
========================================================================
Received Import Request.
  Time since last request: 0.000147 seconds.
  path: Assets/Textures/Double/button_square_depth_gloss.png
  artifactKey: Guid(0598099abb9b57349a680e1ca53934f4) Importer(815301076,1909f56bfc062723c751e8b465ee728b)
Start importing Assets/Textures/Double/button_square_depth_gloss.png using Guid(0598099abb9b57349a680e1ca53934f4) Importer(815301076,1909f56bfc062723c751e8b465ee728b)  -> (artifact id: '27b08fffab87f6d3b492e17e22a793d4') in 0.009413 seconds
Number of updated asset objects reloaded before import = 0
Number of asset objects unloaded after import = 2
========================================================================
Received Import Request.
  Time since last request: 0.000038 seconds.
  path: Assets/Textures/Double/button_square_border.png
  artifactKey: Guid(05360ac266c07e747a93adb5bd14f9c5) Importer(815301076,1909f56bfc062723c751e8b465ee728b)
Start importing Assets/Textures/Double/button_square_border.png using Guid(05360ac266c07e747a93adb5bd14f9c5) Importer(815301076,1909f56bfc062723c751e8b465ee728b)  -> (artifact id: '27057bc4c1610cf5222f8b7c8d429409') in 0.008571 seconds
Number of updated asset objects reloaded before import = 0
Number of asset objects unloaded after import = 2
========================================================================
Received Import Request.
  Time since last request: 0.202306 seconds.
  path: Assets/Textures/Double/button_rectangle_gloss.png
  artifactKey: Guid(59acd405858e78242a63b68e3351acad) Importer(815301076,1909f56bfc062723c751e8b465ee728b)
Start importing Assets/Textures/Double/button_rectangle_gloss.png using Guid(59acd405858e78242a63b68e3351acad) Importer(815301076,1909f56bfc062723c751e8b465ee728b)  -> (artifact id: '3385e61121eec5190a20f87309273dda') in 0.013540 seconds
Number of updated asset objects reloaded before import = 0
Number of asset objects unloaded after import = 2
========================================================================
Received Import Request.
  Time since last request: 0.000018 seconds.
  path: Assets/Textures/Double/button_round_border.png
  artifactKey: Guid(c5c63fbdec8da02478bc14a226d2781a) Importer(815301076,1909f56bfc062723c751e8b465ee728b)
Start importing Assets/Textures/Double/button_round_border.png using Guid(c5c63fbdec8da02478bc14a226d2781a) Importer(815301076,1909f56bfc062723c751e8b465ee728b)  -> (artifact id: 'de03b2e507e53037e0a6718f94f9c252') in 0.017332 seconds
Number of updated asset objects reloaded before import = 0
Number of asset objects unloaded after import = 2
========================================================================
Received Import Request.
  Time since last request: 0.000023 seconds.
  path: Assets/Textures/Double/button_round_depth_border.png
  artifactKey: Guid(b91aa27afeb96f143bf0db72ce575022) Importer(815301076,1909f56bfc062723c751e8b465ee728b)
Start importing Assets/Textures/Double/button_round_depth_border.png using Guid(b91aa27afeb96f143bf0db72ce575022) Importer(815301076,1909f56bfc062723c751e8b465ee728b)  -> (artifact id: '3464430c6ea521819347394447bac788') in 0.009116 seconds
Number of updated asset objects reloaded before import = 0
Number of asset objects unloaded after import = 2
========================================================================
Received Import Request.
  Time since last request: 0.000016 seconds.
  path: Assets/Textures/Double/button_round_depth_flat.png
  artifactKey: Guid(7d3d71662504d1e4dafba22d278c8931) Importer(815301076,1909f56bfc062723c751e8b465ee728b)
Start importing Assets/Textures/Double/button_round_depth_flat.png using Guid(7d3d71662504d1e4dafba22d278c8931) Importer(815301076,1909f56bfc062723c751e8b465ee728b)  -> (artifact id: '5156a7fd01e1bad851bc16ab92833b75') in 0.007999 seconds
Number of updated asset objects reloaded before import = 0
Number of asset objects unloaded after import = 2
========================================================================
Received Import Request.
  Time since last request: 0.000017 seconds.
  path: Assets/Textures/Double/button_rectangle_line.png
  artifactKey: Guid(6ec340254abee16478e2146dde2c37db) Importer(815301076,1909f56bfc062723c751e8b465ee728b)
Start importing Assets/Textures/Double/button_rectangle_line.png using Guid(6ec340254abee16478e2146dde2c37db) Importer(815301076,1909f56bfc062723c751e8b465ee728b)  -> (artifact id: '1f395d6a1682707bc6fff7a70dbfbb1a') in 0.007298 seconds
Number of updated asset objects reloaded before import = 0
Number of asset objects unloaded after import = 2
========================================================================
Received Import Request.
  Time since last request: 19.025599 seconds.
  path: Assets/Textures/Double/arrow_decorative_s.png
  artifactKey: Guid(143651878b2bb6a4daabae1d0a77c3b8) Importer(815301076,1909f56bfc062723c751e8b465ee728b)
Start importing Assets/Textures/Double/arrow_decorative_s.png using Guid(143651878b2bb6a4daabae1d0a77c3b8) Importer(815301076,1909f56bfc062723c751e8b465ee728b)  -> (artifact id: '1f70c47cbf35199f05d1bc958b873ff5') in 0.014480 seconds
Number of updated asset objects reloaded before import = 0
Number of asset objects unloaded after import = 2
========================================================================
Received Import Request.
  Time since last request: 0.000034 seconds.
  path: Assets/Textures/Double/button_rectangle_depth_border.png
  artifactKey: Guid(fcea31c7eeb805d4fa5b530d636ae108) Importer(815301076,1909f56bfc062723c751e8b465ee728b)
Start importing Assets/Textures/Double/button_rectangle_depth_border.png using Guid(fcea31c7eeb805d4fa5b530d636ae108) Importer(815301076,1909f56bfc062723c751e8b465ee728b)  -> (artifact id: '3500b47e0ba63944613d8627f4d4fc1c') in 0.016088 seconds
Number of updated asset objects reloaded before import = 0
Number of asset objects unloaded after import = 2
========================================================================
Received Import Request.
  Time since last request: 0.000124 seconds.
  path: Assets/Textures/Double/button_rectangle_depth_gradient.png
  artifactKey: Guid(63883c94b87e4404b9220e6fd866503b) Importer(815301076,1909f56bfc062723c751e8b465ee728b)
Start importing Assets/Textures/Double/button_rectangle_depth_gradient.png using Guid(63883c94b87e4404b9220e6fd866503b) Importer(815301076,1909f56bfc062723c751e8b465ee728b)  -> (artifact id: '4b4247eed697805e25113537038db2e5') in 0.009758 seconds
Number of updated asset objects reloaded before import = 0
Number of asset objects unloaded after import = 2
========================================================================
Received Import Request.
  Time since last request: 0.000016 seconds.
  path: Assets/Textures/Double/button_rectangle_border.png
  artifactKey: Guid(19150d99c5d8e7a4f814c8ab7040cee6) Importer(815301076,1909f56bfc062723c751e8b465ee728b)
Start importing Assets/Textures/Double/button_rectangle_border.png using Guid(19150d99c5d8e7a4f814c8ab7040cee6) Importer(815301076,1909f56bfc062723c751e8b465ee728b)  -> (artifact id: 'db209b979cfb45c53e5f194481570c39') in 0.008038 seconds
Number of updated asset objects reloaded before import = 0
Number of asset objects unloaded after import = 2
========================================================================
Received Import Request.
  Time since last request: 0.000019 seconds.
  path: Assets/Textures/Double/arrow_decorative_s_small.png
  artifactKey: Guid(e2a16e3afd519f14eb608a6bc1b3782e) Importer(815301076,1909f56bfc062723c751e8b465ee728b)
Start importing Assets/Textures/Double/arrow_decorative_s_small.png using Guid(e2a16e3afd519f14eb608a6bc1b3782e) Importer(815301076,1909f56bfc062723c751e8b465ee728b)  -> (artifact id: 'b7082bea2a17e16a8e8b466b4c6b5f55') in 0.012154 seconds
Number of updated asset objects reloaded before import = 0
Number of asset objects unloaded after import = 2
========================================================================
Received Import Request.
  Time since last request: 0.110065 seconds.
  path: Assets/Textures/Double/arrow_basic_e_small.png
  artifactKey: Guid(46b58a55890e97046970e525b1b26f90) Importer(815301076,1909f56bfc062723c751e8b465ee728b)
Start importing Assets/Textures/Double/arrow_basic_e_small.png using Guid(46b58a55890e97046970e525b1b26f90) Importer(815301076,1909f56bfc062723c751e8b465ee728b)  -> (artifact id: 'bb961bc5d8bb78e8da38b453174bbc7e') in 0.012643 seconds
Number of updated asset objects reloaded before import = 0
Number of asset objects unloaded after import = 2
========================================================================
Received Import Request.
  Time since last request: 0.000017 seconds.
  path: Assets/Textures/Double/arrow_basic_w_small.png
  artifactKey: Guid(a95314030965edb44b5c49911a758dde) Importer(815301076,1909f56bfc062723c751e8b465ee728b)
Start importing Assets/Textures/Double/arrow_basic_w_small.png using Guid(a95314030965edb44b5c49911a758dde) Importer(815301076,1909f56bfc062723c751e8b465ee728b)  -> (artifact id: '493d42ddfd6a6cbcda5f1eec7d4a3fcf') in 0.017596 seconds
Number of updated asset objects reloaded before import = 0
Number of asset objects unloaded after import = 2
========================================================================
Received Import Request.
  Time since last request: 0.000036 seconds.
  path: Assets/Textures/Double/arrow_basic_w.png
  artifactKey: Guid(589d60f1fcab66c4a9c7f21f03adb3e8) Importer(815301076,1909f56bfc062723c751e8b465ee728b)
Start importing Assets/Textures/Double/arrow_basic_w.png using Guid(589d60f1fcab66c4a9c7f21f03adb3e8) Importer(815301076,1909f56bfc062723c751e8b465ee728b)  -> (artifact id: '3c622721c250bf8625fffe2948b9f951') in 0.010299 seconds
Number of updated asset objects reloaded before import = 0
Number of asset objects unloaded after import = 2
========================================================================
Received Import Request.
  Time since last request: 0.000074 seconds.
  path: Assets/Textures/Double/arrow_basic_n.png
  artifactKey: Guid(ed4c33489a5c84145aba9b24b8abe2fc) Importer(815301076,1909f56bfc062723c751e8b465ee728b)
Start importing Assets/Textures/Double/arrow_basic_n.png using Guid(ed4c33489a5c84145aba9b24b8abe2fc) Importer(815301076,1909f56bfc062723c751e8b465ee728b)  -> (artifact id: 'c0768a98feac6e500708a9468f8d52d5') in 0.009123 seconds
Number of updated asset objects reloaded before import = 0
Number of asset objects unloaded after import = 2
========================================================================
Received Import Request.
  Time since last request: 0.000019 seconds.
  path: Assets/Textures/Double/arrow_decorative_e.png
  artifactKey: Guid(1190610d290b6d34f9e9797eb5beb184) Importer(815301076,1909f56bfc062723c751e8b465ee728b)
Start importing Assets/Textures/Double/arrow_decorative_e.png using Guid(1190610d290b6d34f9e9797eb5beb184) Importer(815301076,1909f56bfc062723c751e8b465ee728b)  -> (artifact id: '45ae880a53c1ae9ec18ed18cd1b41db6') in 0.009312 seconds
Number of updated asset objects reloaded before import = 0
Number of asset objects unloaded after import = 2
