Using pre-set license
Built from '2022.3/staging' branch; Version is '2022.3.22f1 (887be4894c44) revision 8944612'; Using compiler version '192829333'; Build Type 'Release'
OS: 'Windows 10  (10.0.19045) 64bit Education' Language: 'tr' Physical Memory: 16167 MB
BatchMode: 1, IsHumanControllingUs: 0, StartBugReporterOnCrash: 0, Is64bit: 1, IsPro: 1

COMMAND LINE ARGUMENTS:
C:\Program Files\Unity\Hub\Editor\2022.3.22f1\Editor\Unity.exe
-adb2
-batchMode
-noUpm
-name
AssetImportWorker0
-projectPath
C:/Users/Elif Efe/GAME/Basic2DProject/Basic2D
-logFile
Logs/AssetImportWorker0.log
-srvPort
49886
Successfully changed project path to: C:/Users/Elif Efe/GAME/Basic2DProject/Basic2D
C:/Users/Elif Efe/GAME/Basic2DProject/Basic2D
[UnityMemory] Configuration Parameters - Can be set up in boot.config
    "memorysetup-bucket-allocator-granularity=16"
    "memorysetup-bucket-allocator-bucket-count=8"
    "memorysetup-bucket-allocator-block-size=33554432"
    "memorysetup-bucket-allocator-block-count=8"
    "memorysetup-main-allocator-block-size=16777216"
    "memorysetup-thread-allocator-block-size=16777216"
    "memorysetup-gfx-main-allocator-block-size=16777216"
    "memorysetup-gfx-thread-allocator-block-size=16777216"
    "memorysetup-cache-allocator-block-size=4194304"
    "memorysetup-typetree-allocator-block-size=2097152"
    "memorysetup-profiler-bucket-allocator-granularity=16"
    "memorysetup-profiler-bucket-allocator-bucket-count=8"
    "memorysetup-profiler-bucket-allocator-block-size=33554432"
    "memorysetup-profiler-bucket-allocator-block-count=8"
    "memorysetup-profiler-allocator-block-size=16777216"
    "memorysetup-profiler-editor-allocator-block-size=1048576"
    "memorysetup-temp-allocator-size-main=16777216"
    "memorysetup-job-temp-allocator-block-size=2097152"
    "memorysetup-job-temp-allocator-block-size-background=1048576"
    "memorysetup-job-temp-allocator-reduction-small-platforms=262144"
    "memorysetup-allocator-temp-initial-block-size-main=262144"
    "memorysetup-allocator-temp-initial-block-size-worker=262144"
    "memorysetup-temp-allocator-size-background-worker=32768"
    "memorysetup-temp-allocator-size-job-worker=262144"
    "memorysetup-temp-allocator-size-preload-manager=33554432"
    "memorysetup-temp-allocator-size-nav-mesh-worker=65536"
    "memorysetup-temp-allocator-size-audio-worker=65536"
    "memorysetup-temp-allocator-size-cloud-worker=32768"
    "memorysetup-temp-allocator-size-gi-baking-worker=262144"
    "memorysetup-temp-allocator-size-gfx=262144"
Player connection [14948] Host "[IP] 192.168.73.1 [Port] 0 [Flags] 2 [Guid] 2162420621 [EditorId] 2162420621 [Version] 1048832 [Id] WindowsEditor(7,GameDevGirl) [Debug] 1 [PackageName] WindowsEditor [ProjectName] Editor" joined multi-casting on [225.0.0.222:54997]...

Player connection [14948] Host "[IP] 192.168.73.1 [Port] 0 [Flags] 2 [Guid] 2162420621 [EditorId] 2162420621 [Version] 1048832 [Id] WindowsEditor(7,GameDevGirl) [Debug] 1 [PackageName] WindowsEditor [ProjectName] Editor" joined alternative multi-casting on [225.0.0.222:34997]...

[Physics::Module] Initialized MultithreadedJobDispatcher with 7 workers.
Refreshing native plugins compatible for Editor in 26.10 ms, found 4 plugins.
Preloading 0 native plugins for Editor in 0.00 ms.
Initialize engine version: 2022.3.22f1 (887be4894c44)
[Subsystems] Discovering subsystems at path C:/Program Files/Unity/Hub/Editor/2022.3.22f1/Editor/Data/Resources/UnitySubsystems
[Subsystems] Discovering subsystems at path C:/Users/Elif Efe/GAME/Basic2DProject/Basic2D/Assets
GfxDevice: creating device client; threaded=0; jobified=0
Direct3D:
    Version:  Direct3D 11.0 [level 11.1]
    Renderer: NVIDIA GeForce RTX 3050 Ti Laptop GPU (ID=0x25a0)
    Vendor:   NVIDIA
    VRAM:     3978 MB
    Driver:   31.0.15.2904
Initialize mono
Mono path[0] = 'C:/Program Files/Unity/Hub/Editor/2022.3.22f1/Editor/Data/Managed'
Mono path[1] = 'C:/Program Files/Unity/Hub/Editor/2022.3.22f1/Editor/Data/MonoBleedingEdge/lib/mono/unityjit-win32'
Mono config path = 'C:/Program Files/Unity/Hub/Editor/2022.3.22f1/Editor/Data/MonoBleedingEdge/etc'
Using monoOptions --debugger-agent=transport=dt_socket,embedding=1,server=y,suspend=n,address=127.0.0.1:56784
Begin MonoManager ReloadAssembly
Registering precompiled unity dll's ...
Register platform support module: C:/Program Files/Unity/Hub/Editor/2022.3.22f1/Editor/Data/PlaybackEngines/WebGLSupport/UnityEditor.WebGL.Extensions.dll
Register platform support module: C:/Program Files/Unity/Hub/Editor/2022.3.22f1/Editor/Data/PlaybackEngines/WindowsStandaloneSupport/UnityEditor.WindowsStandalone.Extensions.dll
Registered in 0.009796 seconds.
- Loaded All Assemblies, in  0.379 seconds
Native extension for WindowsStandalone target not found
Native extension for WebGL target not found
Mono: successfully reloaded assembly
- Finished resetting the current domain, in  0.235 seconds
Domain Reload Profiling: 612ms
	BeginReloadAssembly (116ms)
		ExecutionOrderSort (0ms)
		DisableScriptedObjects (0ms)
		BackupInstance (0ms)
		ReleaseScriptingObjects (0ms)
		CreateAndSetChildDomain (1ms)
	RebuildCommonClasses (41ms)
	RebuildNativeTypeToScriptingClass (9ms)
	initialDomainReloadingComplete (66ms)
	LoadAllAssembliesAndSetupDomain (144ms)
		LoadAssemblies (113ms)
		RebuildTransferFunctionScriptingTraits (0ms)
		AnalyzeDomain (141ms)
			TypeCache.Refresh (140ms)
				TypeCache.ScanAssembly (126ms)
			ScanForSourceGeneratedMonoScriptInfo (0ms)
			ResolveRequiredComponents (0ms)
	FinalizeReload (235ms)
		ReleaseScriptCaches (0ms)
		RebuildScriptCaches (0ms)
		SetupLoadedEditorAssemblies (184ms)
			LogAssemblyErrors (0ms)
			InitializePlatformSupportModulesInManaged (11ms)
			SetLoadedEditorAssemblies (5ms)
			RefreshPlugins (0ms)
			BeforeProcessingInitializeOnLoad (2ms)
			ProcessInitializeOnLoadAttributes (125ms)
			ProcessInitializeOnLoadMethodAttributes (40ms)
			AfterProcessingInitializeOnLoad (0ms)
			EditorAssembliesLoaded (0ms)
		ExecutionOrderSort2 (0ms)
		AwakeInstancesAfterBackupRestoration (0ms)
========================================================================
Worker process is ready to serve import requests
Begin MonoManager ReloadAssembly
Symbol file LoadedFromMemory is not a mono symbol file
- Loaded All Assemblies, in  0.864 seconds
Refreshing native plugins compatible for Editor in 18.05 ms, found 4 plugins.
Native extension for WindowsStandalone target not found
Native extension for WebGL target not found
Package Manager log level set to [2]
[Package Manager] Server::EnsureServerProcessIsRunning -- launch failed, reason: Unity was launched with the -noUpm command-line argument
[Package Manager] UpmClient::Send -- Unable to send message (not connected to UPM process).
[Package Manager] Cannot connect to Unity Package Manager local server
Mono: successfully reloaded assembly
- Finished resetting the current domain, in  1.006 seconds
Domain Reload Profiling: 1858ms
	BeginReloadAssembly (166ms)
		ExecutionOrderSort (0ms)
		DisableScriptedObjects (6ms)
		BackupInstance (0ms)
		ReleaseScriptingObjects (0ms)
		CreateAndSetChildDomain (28ms)
	RebuildCommonClasses (39ms)
	RebuildNativeTypeToScriptingClass (10ms)
	initialDomainReloadingComplete (53ms)
	LoadAllAssembliesAndSetupDomain (584ms)
		LoadAssemblies (466ms)
		RebuildTransferFunctionScriptingTraits (0ms)
		AnalyzeDomain (215ms)
			TypeCache.Refresh (173ms)
				TypeCache.ScanAssembly (146ms)
			ScanForSourceGeneratedMonoScriptInfo (35ms)
			ResolveRequiredComponents (5ms)
	FinalizeReload (1007ms)
		ReleaseScriptCaches (0ms)
		RebuildScriptCaches (0ms)
		SetupLoadedEditorAssemblies (835ms)
			LogAssemblyErrors (0ms)
			InitializePlatformSupportModulesInManaged (11ms)
			SetLoadedEditorAssemblies (4ms)
			RefreshPlugins (0ms)
			BeforeProcessingInitializeOnLoad (113ms)
			ProcessInitializeOnLoadAttributes (529ms)
			ProcessInitializeOnLoadMethodAttributes (166ms)
			AfterProcessingInitializeOnLoad (11ms)
			EditorAssembliesLoaded (0ms)
		ExecutionOrderSort2 (0ms)
		AwakeInstancesAfterBackupRestoration (6ms)
Launched and connected shader compiler UnityShaderCompiler.exe after 0.05 seconds
Refreshing native plugins compatible for Editor in 22.72 ms, found 4 plugins.
Preloading 0 native plugins for Editor in 0.00 ms.
Unloading 5070 Unused Serialized files (Serialized files now loaded: 0)
Unloading 103 unused Assets / (261.3 KB). Loaded Objects now: 5497.
Memory consumption went from 168.4 MB to 168.2 MB.
Total: 8.016200 ms (FindLiveObjects: 0.406500 ms CreateObjectMapping: 0.196600 ms MarkObjects: 7.129500 ms  DeleteObjects: 0.282200 ms)

AssetImportParameters requested are different than current active one (requested -> active):
  custom:container-demuxer-ogg: 62fdf1f143b41e24485cea50d1cbac27 -> 
  custom:video-decoder-ogg-theora: a1e56fd34408186e4bbccfd4996cb3dc -> 
  custom:framework-win-MediaFoundation: 216162199b28c13a410421893ffa2e32 -> 
  custom:CustomObjectIndexerAttribute: 9a22284fe3817be447336de3de66b15e -> 
  custom:container-demuxer-webm: 4f35f7cbe854078d1ac9338744f61a02 -> 
  custom:container-muxer-webm: aa71ff27fc2769a1b78a27578f13a17b -> 
  custom:video-decoder-webm-vp8: 9c59270c3fd7afecdb556c50c9e8de78 -> 
  custom:SearchIndexIgnoredProperties: e643bd26f0fe6173181afceb89e7c659 -> 
  custom:AudioImporter_EditorPlatform: d09bf68614088b80899f8185d706f6e7 -> 
  custom:video-encoder-webm-vp8: eb34c28f22e8b96e1ab97ce403110664 -> 
  custom:audio-decoder-ogg-vorbis: bf7c407c2cedff20999df2af8eb42d56 -> 
  custom:audio-encoder-webm-vorbis: bf7c407c2cedff20999df2af8eb42d56 -> 
========================================================================
Received Import Request.
  Time since last request: 1496.757244 seconds.
  path: Assets/TextMesh Pro/Resources/Style Sheets/Default Style Sheet.asset
  artifactKey: Guid(f952c082cb03451daed3ee968ac6c63e) Importer(815301076,1909f56bfc062723c751e8b465ee728b)
Start importing Assets/TextMesh Pro/Resources/Style Sheets/Default Style Sheet.asset using Guid(f952c082cb03451daed3ee968ac6c63e) Importer(815301076,1909f56bfc062723c751e8b465ee728b)  -> (artifact id: 'af00edb55e05cf3e37977090ae9927d6') in 0.016072 seconds
Number of updated asset objects reloaded before import = 0
Number of asset objects unloaded after import = 1
========================================================================
Received Import Request.
  Time since last request: 0.000029 seconds.
  path: Assets/TextMesh Pro/Resources/TMP Settings.asset
  artifactKey: Guid(3f5b5dff67a942289a9defa416b206f3) Importer(815301076,1909f56bfc062723c751e8b465ee728b)
Start importing Assets/TextMesh Pro/Resources/TMP Settings.asset using Guid(3f5b5dff67a942289a9defa416b206f3) Importer(815301076,1909f56bfc062723c751e8b465ee728b)  -> (artifact id: '03ea1972c79e2717dc61467c8ce2277e') in 0.038810 seconds
Number of updated asset objects reloaded before import = 0
Number of asset objects unloaded after import = 15
========================================================================
Received Import Request.
  Time since last request: 0.000022 seconds.
  path: Assets/TextMesh Pro/Resources/Sprite Assets/EmojiOne.asset
  artifactKey: Guid(c41005c129ba4d66911b75229fd70b45) Importer(815301076,1909f56bfc062723c751e8b465ee728b)
Start importing Assets/TextMesh Pro/Resources/Sprite Assets/EmojiOne.asset using Guid(c41005c129ba4d66911b75229fd70b45) Importer(815301076,1909f56bfc062723c751e8b465ee728b)  -> (artifact id: '49f57928ea3e50016ba38984b95b8e5d') in 0.004252 seconds
Number of updated asset objects reloaded before import = 0
Number of asset objects unloaded after import = 3
========================================================================
Received Import Request.
  Time since last request: 1.695561 seconds.
  path: Assets/TextMesh Pro/Sprites/EmojiOne.png
  artifactKey: Guid(dffef66376be4fa480fb02b19edbe903) Importer(815301076,1909f56bfc062723c751e8b465ee728b)
Start importing Assets/TextMesh Pro/Sprites/EmojiOne.png using Guid(dffef66376be4fa480fb02b19edbe903) Importer(815301076,1909f56bfc062723c751e8b465ee728b)  -> (artifact id: '20f1e6aa7aeb17a3c57647da7edab725') in 0.048681 seconds
Number of updated asset objects reloaded before import = 0
Number of asset objects unloaded after import = 2
========================================================================
Received Import Request.
  Time since last request: 1.949805 seconds.
  path: Assets/TextMesh Pro/Shaders/TMPro.cginc
  artifactKey: Guid(407bc68d299748449bbf7f48ee690f8d) Importer(815301076,1909f56bfc062723c751e8b465ee728b)
Start importing Assets/TextMesh Pro/Shaders/TMPro.cginc using Guid(407bc68d299748449bbf7f48ee690f8d) Importer(815301076,1909f56bfc062723c751e8b465ee728b)  -> (artifact id: 'b2f603c20fc83149d951696e0b5ff78e') in 0.002765 seconds
Number of updated asset objects reloaded before import = 0
Number of asset objects unloaded after import = 1
========================================================================
Received Import Request.
  Time since last request: 0.000088 seconds.
  path: Assets/TextMesh Pro/Shaders/TMPro_Properties.cginc
  artifactKey: Guid(3997e2241185407d80309a82f9148466) Importer(815301076,1909f56bfc062723c751e8b465ee728b)
Start importing Assets/TextMesh Pro/Shaders/TMPro_Properties.cginc using Guid(3997e2241185407d80309a82f9148466) Importer(815301076,1909f56bfc062723c751e8b465ee728b)  -> (artifact id: 'fb17b39ab37ff5c4a0c347358e9d790f') in 0.001886 seconds
Number of updated asset objects reloaded before import = 0
Number of asset objects unloaded after import = 1
========================================================================
Received Import Request.
  Time since last request: 0.000023 seconds.
  path: Assets/TextMesh Pro/Shaders/TMPro_Surface.cginc
  artifactKey: Guid(d930090c0cd643c7b55f19a38538c162) Importer(815301076,1909f56bfc062723c751e8b465ee728b)
Start importing Assets/TextMesh Pro/Shaders/TMPro_Surface.cginc using Guid(d930090c0cd643c7b55f19a38538c162) Importer(815301076,1909f56bfc062723c751e8b465ee728b)  -> (artifact id: '9c686a485411b244d6b24147d7663491') in 0.001401 seconds
Number of updated asset objects reloaded before import = 0
Number of asset objects unloaded after import = 1
========================================================================
Received Import Request.
  Time since last request: 9.320937 seconds.
  path: Assets/TextMesh Pro
  artifactKey: Guid(f54d1bd14bd3ca042bd867b519fee8cc) Importer(815301076,1909f56bfc062723c751e8b465ee728b)
Start importing Assets/TextMesh Pro using Guid(f54d1bd14bd3ca042bd867b519fee8cc) Importer(815301076,1909f56bfc062723c751e8b465ee728b)  -> (artifact id: '30796653c4dfc1f2480bca9d8b60487c') in 0.000597 seconds
Number of updated asset objects reloaded before import = 0
Number of asset objects unloaded after import = 0
========================================================================
Received Import Request.
  Time since last request: 14.973839 seconds.
  path: Assets/Textures/Default
  artifactKey: Guid(f0c847afd23a34b489e54a74beac7229) Importer(815301076,1909f56bfc062723c751e8b465ee728b)
Start importing Assets/Textures/Default using Guid(f0c847afd23a34b489e54a74beac7229) Importer(815301076,1909f56bfc062723c751e8b465ee728b)  -> (artifact id: '8701ecd62f243748c8e254b8685ecf91') in 0.000708 seconds
Number of updated asset objects reloaded before import = 0
Number of asset objects unloaded after import = 0
========================================================================
Received Import Request.
  Time since last request: 0.033078 seconds.
  path: Assets/Textures/Default/button_rectangle_depth_line.png
  artifactKey: Guid(1a3a0f3dc6874a34c9b1dc4d7d6379ad) Importer(815301076,1909f56bfc062723c751e8b465ee728b)
Start importing Assets/Textures/Default/button_rectangle_depth_line.png using Guid(1a3a0f3dc6874a34c9b1dc4d7d6379ad) Importer(815301076,1909f56bfc062723c751e8b465ee728b)  -> (artifact id: 'ee65f2ffb482e5a0e91926b9bcad0af6') in 0.046392 seconds
Number of updated asset objects reloaded before import = 0
Number of asset objects unloaded after import = 3
========================================================================
Received Import Request.
  Time since last request: 0.000019 seconds.
  path: Assets/Textures/Default/button_square_line.png
  artifactKey: Guid(413e7d1aa803af440be37a440f2822bd) Importer(815301076,1909f56bfc062723c751e8b465ee728b)
Start importing Assets/Textures/Default/button_square_line.png using Guid(413e7d1aa803af440be37a440f2822bd) Importer(815301076,1909f56bfc062723c751e8b465ee728b)  -> (artifact id: 'f51581eb2bab7c03cd86f5b831dae1c6') in 0.017165 seconds
Number of updated asset objects reloaded before import = 0
Number of asset objects unloaded after import = 3
========================================================================
Received Import Request.
  Time since last request: 0.000037 seconds.
  path: Assets/Textures/Default/icon_arrow_up_light.png
  artifactKey: Guid(ebfcf1031d72b6441984d9b1f87cf563) Importer(815301076,1909f56bfc062723c751e8b465ee728b)
Start importing Assets/Textures/Default/icon_arrow_up_light.png using Guid(ebfcf1031d72b6441984d9b1f87cf563) Importer(815301076,1909f56bfc062723c751e8b465ee728b)  -> (artifact id: '9f9dfb47323587befc267de2c7648568') in 0.016301 seconds
Number of updated asset objects reloaded before import = 0
Number of asset objects unloaded after import = 3
========================================================================
Received Import Request.
  Time since last request: 0.000020 seconds.
  path: Assets/Textures/Default/icon_arrow_up_outline.png
  artifactKey: Guid(cc5e9422bd860a6428de22971ee99245) Importer(815301076,1909f56bfc062723c751e8b465ee728b)
Start importing Assets/Textures/Default/icon_arrow_up_outline.png using Guid(cc5e9422bd860a6428de22971ee99245) Importer(815301076,1909f56bfc062723c751e8b465ee728b)  -> (artifact id: 'd2628f53e3e5c8de30200cbbb82275ad') in 0.021102 seconds
Number of updated asset objects reloaded before import = 0
Number of asset objects unloaded after import = 3
========================================================================
Received Import Request.
  Time since last request: 0.000020 seconds.
  path: Assets/Textures/Default/icon_arrow_down_dark.png
  artifactKey: Guid(82852c2d2748f78469e7fb74377b6f3e) Importer(815301076,1909f56bfc062723c751e8b465ee728b)
Start importing Assets/Textures/Default/icon_arrow_down_dark.png using Guid(82852c2d2748f78469e7fb74377b6f3e) Importer(815301076,1909f56bfc062723c751e8b465ee728b)  -> (artifact id: 'a0550fb98e66694c8f8019552a024b5b') in 0.020141 seconds
Number of updated asset objects reloaded before import = 0
Number of asset objects unloaded after import = 3
========================================================================
Received Import Request.
  Time since last request: 0.000022 seconds.
  path: Assets/Textures/Default/button_round_depth_line.png
  artifactKey: Guid(e5804f983b5e1a940b99eb9c30e54524) Importer(815301076,1909f56bfc062723c751e8b465ee728b)
Start importing Assets/Textures/Default/button_round_depth_line.png using Guid(e5804f983b5e1a940b99eb9c30e54524) Importer(815301076,1909f56bfc062723c751e8b465ee728b)  -> (artifact id: '13c81c95876c53767a23c6aa9b2a2d26') in 0.033896 seconds
Number of updated asset objects reloaded before import = 0
Number of asset objects unloaded after import = 3
========================================================================
Received Import Request.
  Time since last request: 0.000023 seconds.
  path: Assets/Textures/Default/icon_play_light.png
  artifactKey: Guid(27d4c7b8c51b25647bbf8914efe4eecd) Importer(815301076,1909f56bfc062723c751e8b465ee728b)
Start importing Assets/Textures/Default/icon_play_light.png using Guid(27d4c7b8c51b25647bbf8914efe4eecd) Importer(815301076,1909f56bfc062723c751e8b465ee728b)  -> (artifact id: '6db2f815840367acbbd55fba07faebfe') in 0.030733 seconds
Number of updated asset objects reloaded before import = 0
Number of asset objects unloaded after import = 3
========================================================================
Received Import Request.
  Time since last request: 0.000020 seconds.
  path: Assets/Textures/Default/icon_play_dark.png
  artifactKey: Guid(f79c2f8206e426d41818537d5f7fe1b6) Importer(815301076,1909f56bfc062723c751e8b465ee728b)
Start importing Assets/Textures/Default/icon_play_dark.png using Guid(f79c2f8206e426d41818537d5f7fe1b6) Importer(815301076,1909f56bfc062723c751e8b465ee728b)  -> (artifact id: '551a8f1015038637e3d788531adec63e') in 0.029625 seconds
Number of updated asset objects reloaded before import = 0
Number of asset objects unloaded after import = 3
========================================================================
Received Import Request.
  Time since last request: 0.000025 seconds.
  path: Assets/Textures/Default/icon_arrow_down_light.png
  artifactKey: Guid(be10bf5baea1d0f47862d16596a1a4fa) Importer(815301076,1909f56bfc062723c751e8b465ee728b)
Start importing Assets/Textures/Default/icon_arrow_down_light.png using Guid(be10bf5baea1d0f47862d16596a1a4fa) Importer(815301076,1909f56bfc062723c751e8b465ee728b)  -> (artifact id: '8b16f5a908ae0239872d149f642206f1') in 0.018689 seconds
Number of updated asset objects reloaded before import = 0
Number of asset objects unloaded after import = 3
========================================================================
Received Import Request.
  Time since last request: 0.000016 seconds.
  path: Assets/Textures/Default/input_rectangle.png
  artifactKey: Guid(57fdd6654dfa1ea42b9936c6a64c3c88) Importer(815301076,1909f56bfc062723c751e8b465ee728b)
Start importing Assets/Textures/Default/input_rectangle.png using Guid(57fdd6654dfa1ea42b9936c6a64c3c88) Importer(815301076,1909f56bfc062723c751e8b465ee728b)  -> (artifact id: '988c95e48c5f5e0a4bbc1aa440c13b83') in 0.013546 seconds
Number of updated asset objects reloaded before import = 0
Number of asset objects unloaded after import = 3
========================================================================
Received Import Request.
  Time since last request: 0.000025 seconds.
  path: Assets/Textures/Default/icon_arrow_down_outline.png
  artifactKey: Guid(859a687601f72ec48b7e8dea816723c3) Importer(815301076,1909f56bfc062723c751e8b465ee728b)
Start importing Assets/Textures/Default/icon_arrow_down_outline.png using Guid(859a687601f72ec48b7e8dea816723c3) Importer(815301076,1909f56bfc062723c751e8b465ee728b)  -> (artifact id: '099d34e99cad4db806a78aa886fd1df8') in 0.010206 seconds
Number of updated asset objects reloaded before import = 0
Number of asset objects unloaded after import = 3
========================================================================
Received Import Request.
  Time since last request: 0.000042 seconds.
  path: Assets/Textures/Default/icon_play_outline.png
  artifactKey: Guid(b3b3edb92cb8c524690f920419aa16f2) Importer(815301076,1909f56bfc062723c751e8b465ee728b)
Start importing Assets/Textures/Default/icon_play_outline.png using Guid(b3b3edb92cb8c524690f920419aa16f2) Importer(815301076,1909f56bfc062723c751e8b465ee728b)  -> (artifact id: '2acd5fcae297f82c3f8ba122fa7d0ed8') in 0.010495 seconds
Number of updated asset objects reloaded before import = 0
Number of asset objects unloaded after import = 3
========================================================================
Received Import Request.
  Time since last request: 0.000021 seconds.
  path: Assets/Textures/Default/divider.png
  artifactKey: Guid(473a5bb25b069754ead8aadb98e31476) Importer(815301076,1909f56bfc062723c751e8b465ee728b)
Start importing Assets/Textures/Default/divider.png using Guid(473a5bb25b069754ead8aadb98e31476) Importer(815301076,1909f56bfc062723c751e8b465ee728b)  -> (artifact id: '87c53988978f5e0f7c300030aa2c396b') in 0.010042 seconds
Number of updated asset objects reloaded before import = 0
Number of asset objects unloaded after import = 3
========================================================================
Received Import Request.
  Time since last request: 3.651355 seconds.
  path: Assets/Textures/Fonts/Roboto-Italic-VariableFont_wdth,wght SDF.asset
  artifactKey: Guid(090251e0679d65148aace5babe213056) Importer(815301076,1909f56bfc062723c751e8b465ee728b)
Start importing Assets/Textures/Fonts/Roboto-Italic-VariableFont_wdth,wght SDF.asset using Guid(090251e0679d65148aace5babe213056) Importer(815301076,1909f56bfc062723c751e8b465ee728b)  -> (artifact id: '5faaee721e4fe85a47b228eb785f0576') in 0.065615 seconds
Number of updated asset objects reloaded before import = 0
Number of asset objects unloaded after import = 6
========================================================================
Received Import Request.
  Time since last request: 780.726538 seconds.
  path: Assets/Textures/Default/button_rectangle_depth_line.png
  artifactKey: Guid(1a3a0f3dc6874a34c9b1dc4d7d6379ad) Importer(815301076,1909f56bfc062723c751e8b465ee728b)
Start importing Assets/Textures/Default/button_rectangle_depth_line.png using Guid(1a3a0f3dc6874a34c9b1dc4d7d6379ad) Importer(815301076,1909f56bfc062723c751e8b465ee728b)  -> (artifact id: '532760e12de9161837c49960f6913071') in 0.064704 seconds
Number of updated asset objects reloaded before import = 0
Number of asset objects unloaded after import = 2
========================================================================
Received Import Request.
  Time since last request: 0.000029 seconds.
  path: Assets/Textures/Default/button_square_line.png
  artifactKey: Guid(413e7d1aa803af440be37a440f2822bd) Importer(815301076,1909f56bfc062723c751e8b465ee728b)
Start importing Assets/Textures/Default/button_square_line.png using Guid(413e7d1aa803af440be37a440f2822bd) Importer(815301076,1909f56bfc062723c751e8b465ee728b)  -> (artifact id: '56446162cfcba145b350cc3c98046c66') in 0.009215 seconds
Number of updated asset objects reloaded before import = 0
Number of asset objects unloaded after import = 2
========================================================================
Received Import Request.
  Time since last request: 0.000020 seconds.
  path: Assets/Textures/Default/icon_repeat_light.png
  artifactKey: Guid(e4bdaa832fd856c44ac93fede5740d29) Importer(815301076,1909f56bfc062723c751e8b465ee728b)
Start importing Assets/Textures/Default/icon_repeat_light.png using Guid(e4bdaa832fd856c44ac93fede5740d29) Importer(815301076,1909f56bfc062723c751e8b465ee728b)  -> (artifact id: '8db85d6b581c8cf94e024afb38c2cc59') in 0.012951 seconds
Number of updated asset objects reloaded before import = 0
Number of asset objects unloaded after import = 2
========================================================================
Received Import Request.
  Time since last request: 0.000023 seconds.
  path: Assets/Textures/Default/icon_arrow_up_dark.png
  artifactKey: Guid(ea391b66a0eafc046a8b557126314cc0) Importer(815301076,1909f56bfc062723c751e8b465ee728b)
Start importing Assets/Textures/Default/icon_arrow_up_dark.png using Guid(ea391b66a0eafc046a8b557126314cc0) Importer(815301076,1909f56bfc062723c751e8b465ee728b)  -> (artifact id: 'cfbdd32c2161477bff9021bce6c2c430') in 0.009355 seconds
Number of updated asset objects reloaded before import = 0
Number of asset objects unloaded after import = 2
========================================================================
Received Import Request.
  Time since last request: 0.000019 seconds.
  path: Assets/Textures/Default/divider_edges.png
  artifactKey: Guid(95a0ec7553a751242a3812701ecf325f) Importer(815301076,1909f56bfc062723c751e8b465ee728b)
Start importing Assets/Textures/Default/divider_edges.png using Guid(95a0ec7553a751242a3812701ecf325f) Importer(815301076,1909f56bfc062723c751e8b465ee728b)  -> (artifact id: '70163ac0337ff41d31ac1d9d84b346eb') in 0.008498 seconds
Number of updated asset objects reloaded before import = 0
Number of asset objects unloaded after import = 2
========================================================================
Received Import Request.
  Time since last request: 0.000023 seconds.
  path: Assets/Textures/Default/input_outline_square.png
  artifactKey: Guid(c0e2877e29e23234987769f7eb27a37d) Importer(815301076,1909f56bfc062723c751e8b465ee728b)
Start importing Assets/Textures/Default/input_outline_square.png using Guid(c0e2877e29e23234987769f7eb27a37d) Importer(815301076,1909f56bfc062723c751e8b465ee728b)  -> (artifact id: '576707c56b726b9215b3e2747cb23594') in 0.011562 seconds
Number of updated asset objects reloaded before import = 0
Number of asset objects unloaded after import = 2
========================================================================
Received Import Request.
  Time since last request: 0.000020 seconds.
  path: Assets/Textures/Default/icon_repeat_outline.png
  artifactKey: Guid(b6d8fff57927161478bd841aa04c328d) Importer(815301076,1909f56bfc062723c751e8b465ee728b)
Start importing Assets/Textures/Default/icon_repeat_outline.png using Guid(b6d8fff57927161478bd841aa04c328d) Importer(815301076,1909f56bfc062723c751e8b465ee728b)  -> (artifact id: 'ac41be0b203cbd115e2d9f5658d16825') in 0.012721 seconds
Number of updated asset objects reloaded before import = 0
Number of asset objects unloaded after import = 2
========================================================================
Received Import Request.
  Time since last request: 0.000021 seconds.
  path: Assets/Textures/Default/input_outline_rectangle.png
  artifactKey: Guid(8bdb902f8cb1d164bb2cf233ef34470a) Importer(815301076,1909f56bfc062723c751e8b465ee728b)
Start importing Assets/Textures/Default/input_outline_rectangle.png using Guid(8bdb902f8cb1d164bb2cf233ef34470a) Importer(815301076,1909f56bfc062723c751e8b465ee728b)  -> (artifact id: 'f7441ad3cb9b8aa36cd01e8a9c0dcb48') in 0.007474 seconds
Number of updated asset objects reloaded before import = 0
Number of asset objects unloaded after import = 2
========================================================================
Received Import Request.
  Time since last request: 0.000031 seconds.
  path: Assets/Textures/Default/icon_repeat_dark.png
  artifactKey: Guid(0a57e9e476ecedc4fab772a686e18534) Importer(815301076,1909f56bfc062723c751e8b465ee728b)
Start importing Assets/Textures/Default/icon_repeat_dark.png using Guid(0a57e9e476ecedc4fab772a686e18534) Importer(815301076,1909f56bfc062723c751e8b465ee728b)  -> (artifact id: 'ce1b95be49b37fc79b2779a25d2f9389') in 0.010070 seconds
Number of updated asset objects reloaded before import = 0
Number of asset objects unloaded after import = 2
========================================================================
Received Import Request.
  Time since last request: 0.000024 seconds.
  path: Assets/Textures/Default/input_square.png
  artifactKey: Guid(ace7e07f67d452241bfd04cd939488ec) Importer(815301076,1909f56bfc062723c751e8b465ee728b)
Start importing Assets/Textures/Default/input_square.png using Guid(ace7e07f67d452241bfd04cd939488ec) Importer(815301076,1909f56bfc062723c751e8b465ee728b)  -> (artifact id: 'eda2f6970f0f8778c166f5859255b5d5') in 0.009411 seconds
Number of updated asset objects reloaded before import = 0
Number of asset objects unloaded after import = 2
========================================================================
Received Import Request.
  Time since last request: 0.000022 seconds.
  path: Assets/Textures/Default/button_square_depth_line.png
  artifactKey: Guid(b7c8363658478b64887dd8d24b394a95) Importer(815301076,1909f56bfc062723c751e8b465ee728b)
Start importing Assets/Textures/Default/button_square_depth_line.png using Guid(b7c8363658478b64887dd8d24b394a95) Importer(815301076,1909f56bfc062723c751e8b465ee728b)  -> (artifact id: 'd20a1e2f59e50885a4ebaff7953f8680') in 0.006429 seconds
Number of updated asset objects reloaded before import = 0
Number of asset objects unloaded after import = 2
========================================================================
Received Import Request.
  Time since last request: 0.000029 seconds.
  path: Assets/Textures/Default/button_round_line.png
  artifactKey: Guid(1bb053a57a235af4486d783e1a47b213) Importer(815301076,1909f56bfc062723c751e8b465ee728b)
Start importing Assets/Textures/Default/button_round_line.png using Guid(1bb053a57a235af4486d783e1a47b213) Importer(815301076,1909f56bfc062723c751e8b465ee728b)  -> (artifact id: '8598aeac921393d2389405b0313fd7d6') in 0.009163 seconds
Number of updated asset objects reloaded before import = 0
Number of asset objects unloaded after import = 2
========================================================================
Received Import Request.
  Time since last request: 242.997208 seconds.
  path: Assets/Textures/Double
  artifactKey: Guid(6306a796d596ed447b7d70e7fa702bb3) Importer(815301076,1909f56bfc062723c751e8b465ee728b)
Start importing Assets/Textures/Double using Guid(6306a796d596ed447b7d70e7fa702bb3) Importer(815301076,1909f56bfc062723c751e8b465ee728b)  -> (artifact id: 'c66598ea3d16a2a65ec764f38de9a620') in 0.001476 seconds
Number of updated asset objects reloaded before import = 0
Number of asset objects unloaded after import = 0
========================================================================
Received Import Request.
  Time since last request: 0.116301 seconds.
  path: Assets/Textures/Double/arrow_basic_e.png
  artifactKey: Guid(2809eff6e9449b345b5799f512b5f382) Importer(815301076,1909f56bfc062723c751e8b465ee728b)
Start importing Assets/Textures/Double/arrow_basic_e.png using Guid(2809eff6e9449b345b5799f512b5f382) Importer(815301076,1909f56bfc062723c751e8b465ee728b)  -> (artifact id: 'efc8c4755207dd4382beacd6db5b816f') in 0.032470 seconds
Number of updated asset objects reloaded before import = 0
Number of asset objects unloaded after import = 3
========================================================================
Received Import Request.
  Time since last request: 0.000021 seconds.
  path: Assets/Textures/Double/arrow_decorative_n_small.png
  artifactKey: Guid(c3c37020e5699144489211bb7605edff) Importer(815301076,1909f56bfc062723c751e8b465ee728b)
Start importing Assets/Textures/Double/arrow_decorative_n_small.png using Guid(c3c37020e5699144489211bb7605edff) Importer(815301076,1909f56bfc062723c751e8b465ee728b)  -> (artifact id: '10771fc8cffe789aefdda4490a314f5b') in 0.019171 seconds
Number of updated asset objects reloaded before import = 0
Number of asset objects unloaded after import = 3
========================================================================
Received Import Request.
  Time since last request: 0.000026 seconds.
  path: Assets/Textures/Double/button_round_depth_line.png
  artifactKey: Guid(ae99f286dff14894cb2d8c20f3712656) Importer(815301076,1909f56bfc062723c751e8b465ee728b)
Start importing Assets/Textures/Double/button_round_depth_line.png using Guid(ae99f286dff14894cb2d8c20f3712656) Importer(815301076,1909f56bfc062723c751e8b465ee728b)  -> (artifact id: 'dc9f9e2d057336fd7dee337500de60bb') in 0.019504 seconds
Number of updated asset objects reloaded before import = 0
Number of asset objects unloaded after import = 3
========================================================================
Received Import Request.
  Time since last request: 0.000023 seconds.
  path: Assets/Textures/Double/button_round_flat.png
  artifactKey: Guid(052881dac5e206f43b32b9ca9c6bc9cb) Importer(815301076,1909f56bfc062723c751e8b465ee728b)
Start importing Assets/Textures/Double/button_round_flat.png using Guid(052881dac5e206f43b32b9ca9c6bc9cb) Importer(815301076,1909f56bfc062723c751e8b465ee728b)  -> (artifact id: '0721619114892bfb8ae17cf8fedb4d0d') in 0.020620 seconds
Number of updated asset objects reloaded before import = 0
Number of asset objects unloaded after import = 3
========================================================================
Received Import Request.
  Time since last request: 0.000025 seconds.
  path: Assets/Textures/Double/button_round_depth_border.png
  artifactKey: Guid(b91aa27afeb96f143bf0db72ce575022) Importer(815301076,1909f56bfc062723c751e8b465ee728b)
Start importing Assets/Textures/Double/button_round_depth_border.png using Guid(b91aa27afeb96f143bf0db72ce575022) Importer(815301076,1909f56bfc062723c751e8b465ee728b)  -> (artifact id: 'ad9333ec750c300dd87eda2b0f794c0a') in 0.015561 seconds
Number of updated asset objects reloaded before import = 0
Number of asset objects unloaded after import = 3
========================================================================
Received Import Request.
  Time since last request: 0.000032 seconds.
  path: Assets/Textures/Double/arrow_basic_n_small.png
  artifactKey: Guid(2199e205b62c8ce408a77a2584129b42) Importer(815301076,1909f56bfc062723c751e8b465ee728b)
Start importing Assets/Textures/Double/arrow_basic_n_small.png using Guid(2199e205b62c8ce408a77a2584129b42) Importer(815301076,1909f56bfc062723c751e8b465ee728b)  -> (artifact id: '9391e7e5c58b94b77898d65c68921d39') in 0.027331 seconds
Number of updated asset objects reloaded before import = 0
Number of asset objects unloaded after import = 3
========================================================================
Received Import Request.
  Time since last request: 0.000021 seconds.
  path: Assets/Textures/Double/button_rectangle_gloss.png
  artifactKey: Guid(59acd405858e78242a63b68e3351acad) Importer(815301076,1909f56bfc062723c751e8b465ee728b)
Start importing Assets/Textures/Double/button_rectangle_gloss.png using Guid(59acd405858e78242a63b68e3351acad) Importer(815301076,1909f56bfc062723c751e8b465ee728b)  -> (artifact id: 'd96239690aa98d9e63b417f424f5a189') in 0.017362 seconds
Number of updated asset objects reloaded before import = 0
Number of asset objects unloaded after import = 3
========================================================================
Received Import Request.
  Time since last request: 0.000102 seconds.
  path: Assets/Textures/Double/button_rectangle_depth_gloss.png
  artifactKey: Guid(e66282211b39bc74789695c68b233406) Importer(815301076,1909f56bfc062723c751e8b465ee728b)
Start importing Assets/Textures/Double/button_rectangle_depth_gloss.png using Guid(e66282211b39bc74789695c68b233406) Importer(815301076,1909f56bfc062723c751e8b465ee728b)  -> (artifact id: '3c8d0e3c8184782dcf54559596816da3') in 0.027033 seconds
Number of updated asset objects reloaded before import = 0
Number of asset objects unloaded after import = 3
========================================================================
Received Import Request.
  Time since last request: 0.000028 seconds.
  path: Assets/Textures/Double/button_rectangle_depth_line.png
  artifactKey: Guid(bed7329de27056741ba849ca4a2e134e) Importer(815301076,1909f56bfc062723c751e8b465ee728b)
Start importing Assets/Textures/Double/button_rectangle_depth_line.png using Guid(bed7329de27056741ba849ca4a2e134e) Importer(815301076,1909f56bfc062723c751e8b465ee728b)  -> (artifact id: 'ac3523bd8a1373cacd87438b8e0d4d7c') in 0.024555 seconds
Number of updated asset objects reloaded before import = 0
Number of asset objects unloaded after import = 3
========================================================================
Received Import Request.
  Time since last request: 0.000030 seconds.
  path: Assets/Textures/Double/arrow_basic_s.png
  artifactKey: Guid(89734a4d2f0325e42ba3a903152a625a) Importer(815301076,1909f56bfc062723c751e8b465ee728b)
Start importing Assets/Textures/Double/arrow_basic_s.png using Guid(89734a4d2f0325e42ba3a903152a625a) Importer(815301076,1909f56bfc062723c751e8b465ee728b)  -> (artifact id: 'a860d39482799c0b3b24990c245e8e48') in 0.011172 seconds
Number of updated asset objects reloaded before import = 0
Number of asset objects unloaded after import = 3
========================================================================
Received Import Request.
  Time since last request: 0.000022 seconds.
  path: Assets/Textures/Double/button_rectangle_gradient.png
  artifactKey: Guid(4286b5ca542fcaa439803b8a90bc63fc) Importer(815301076,1909f56bfc062723c751e8b465ee728b)
Start importing Assets/Textures/Double/button_rectangle_gradient.png using Guid(4286b5ca542fcaa439803b8a90bc63fc) Importer(815301076,1909f56bfc062723c751e8b465ee728b)  -> (artifact id: 'daff04bb4a979b51cfaee04480f79392') in 0.009617 seconds
Number of updated asset objects reloaded before import = 0
Number of asset objects unloaded after import = 3
========================================================================
Received Import Request.
  Time since last request: 0.000023 seconds.
  path: Assets/Textures/Double/arrow_basic_n.png
  artifactKey: Guid(ed4c33489a5c84145aba9b24b8abe2fc) Importer(815301076,1909f56bfc062723c751e8b465ee728b)
Start importing Assets/Textures/Double/arrow_basic_n.png using Guid(ed4c33489a5c84145aba9b24b8abe2fc) Importer(815301076,1909f56bfc062723c751e8b465ee728b)  -> (artifact id: '0578c2bd23e0c64dbaf1cfb813dd8476') in 0.009992 seconds
Number of updated asset objects reloaded before import = 0
Number of asset objects unloaded after import = 3
========================================================================
Received Import Request.
  Time since last request: 0.000024 seconds.
  path: Assets/Textures/Double/arrow_decorative_n.png
  artifactKey: Guid(4084241d3656e3a41ba8df4d1afbc89b) Importer(815301076,1909f56bfc062723c751e8b465ee728b)
Start importing Assets/Textures/Double/arrow_decorative_n.png using Guid(4084241d3656e3a41ba8df4d1afbc89b) Importer(815301076,1909f56bfc062723c751e8b465ee728b)  -> (artifact id: 'b7d6d3b07db1eca547cb4692042d4d65') in 0.021059 seconds
Number of updated asset objects reloaded before import = 0
Number of asset objects unloaded after import = 3
========================================================================
Received Import Request.
  Time since last request: 0.000044 seconds.
  path: Assets/Textures/Double/button_round_gloss.png
  artifactKey: Guid(04d19e68ce6e9744fb49bfa98e3d3fb8) Importer(815301076,1909f56bfc062723c751e8b465ee728b)
Start importing Assets/Textures/Double/button_round_gloss.png using Guid(04d19e68ce6e9744fb49bfa98e3d3fb8) Importer(815301076,1909f56bfc062723c751e8b465ee728b)  -> (artifact id: 'd3ef1a22c2989e85f7fb956391b0cd27') in 0.028889 seconds
Number of updated asset objects reloaded before import = 0
Number of asset objects unloaded after import = 3
========================================================================
Received Import Request.
  Time since last request: 0.000021 seconds.
  path: Assets/Textures/Double/button_round_depth_gradient.png
  artifactKey: Guid(b2db6c4bd19338745836fd0c9bdddcb7) Importer(815301076,1909f56bfc062723c751e8b465ee728b)
Start importing Assets/Textures/Double/button_round_depth_gradient.png using Guid(b2db6c4bd19338745836fd0c9bdddcb7) Importer(815301076,1909f56bfc062723c751e8b465ee728b)  -> (artifact id: '88caabaea9fdc1b47303ff5a51b959cf') in 0.012411 seconds
Number of updated asset objects reloaded before import = 0
Number of asset objects unloaded after import = 3
========================================================================
Received Import Request.
  Time since last request: 0.000020 seconds.
  path: Assets/Textures/Double/button_rectangle_line.png
  artifactKey: Guid(6ec340254abee16478e2146dde2c37db) Importer(815301076,1909f56bfc062723c751e8b465ee728b)
Start importing Assets/Textures/Double/button_rectangle_line.png using Guid(6ec340254abee16478e2146dde2c37db) Importer(815301076,1909f56bfc062723c751e8b465ee728b)  -> (artifact id: '8f75833ce24491283decfc1364db18dd') in 0.009165 seconds
Number of updated asset objects reloaded before import = 0
Number of asset objects unloaded after import = 3
========================================================================
Received Import Request.
  Time since last request: 0.000026 seconds.
  path: Assets/Textures/Double/button_rectangle_depth_flat.png
  artifactKey: Guid(876a2b1cea49e12499bf16b6441aac70) Importer(815301076,1909f56bfc062723c751e8b465ee728b)
Start importing Assets/Textures/Double/button_rectangle_depth_flat.png using Guid(876a2b1cea49e12499bf16b6441aac70) Importer(815301076,1909f56bfc062723c751e8b465ee728b)  -> (artifact id: '8ac64cc037ef518bf83c987d7e507539') in 0.010131 seconds
Number of updated asset objects reloaded before import = 0
Number of asset objects unloaded after import = 3
========================================================================
Received Import Request.
  Time since last request: 0.000034 seconds.
  path: Assets/Textures/Double/arrow_decorative_s_small.png
  artifactKey: Guid(e2a16e3afd519f14eb608a6bc1b3782e) Importer(815301076,1909f56bfc062723c751e8b465ee728b)
Start importing Assets/Textures/Double/arrow_decorative_s_small.png using Guid(e2a16e3afd519f14eb608a6bc1b3782e) Importer(815301076,1909f56bfc062723c751e8b465ee728b)  -> (artifact id: '78ee849e47f10026aaf4d453cc1dd8e2') in 0.010401 seconds
Number of updated asset objects reloaded before import = 0
Number of asset objects unloaded after import = 3
========================================================================
Received Import Request.
  Time since last request: 0.531646 seconds.
  path: Assets/Textures/Double/button_round_gradient.png
  artifactKey: Guid(aeb6c4ad1bf31da459bef3db2ad52caa) Importer(815301076,1909f56bfc062723c751e8b465ee728b)
Start importing Assets/Textures/Double/button_round_gradient.png using Guid(aeb6c4ad1bf31da459bef3db2ad52caa) Importer(815301076,1909f56bfc062723c751e8b465ee728b)  -> (artifact id: 'a373f997f64820135ba4db6b6766eb5b') in 0.013052 seconds
Number of updated asset objects reloaded before import = 0
Number of asset objects unloaded after import = 3
========================================================================
Received Import Request.
  Time since last request: 0.000022 seconds.
  path: Assets/Textures/Double/button_square_depth_line.png
  artifactKey: Guid(59a2edf948946c543ab337cc266b05a0) Importer(815301076,1909f56bfc062723c751e8b465ee728b)
Start importing Assets/Textures/Double/button_square_depth_line.png using Guid(59a2edf948946c543ab337cc266b05a0) Importer(815301076,1909f56bfc062723c751e8b465ee728b)  -> (artifact id: 'a87dbfe4b850acfbd29a82f4a24e9291') in 0.010054 seconds
Number of updated asset objects reloaded before import = 0
Number of asset objects unloaded after import = 3
========================================================================
Received Import Request.
  Time since last request: 0.000023 seconds.
  path: Assets/Textures/Double/button_square_gradient.png
  artifactKey: Guid(b4ee455dbcfa9fe4494a87aa82e10314) Importer(815301076,1909f56bfc062723c751e8b465ee728b)
Start importing Assets/Textures/Double/button_square_gradient.png using Guid(b4ee455dbcfa9fe4494a87aa82e10314) Importer(815301076,1909f56bfc062723c751e8b465ee728b)  -> (artifact id: '7e7c8c391f84787673b467401d3f4143') in 0.011493 seconds
Number of updated asset objects reloaded before import = 0
Number of asset objects unloaded after import = 3
========================================================================
Received Import Request.
  Time since last request: 0.000024 seconds.
  path: Assets/Textures/Double/button_square_flat.png
  artifactKey: Guid(15d86d4535b698c4cb48b1b1556b8552) Importer(815301076,1909f56bfc062723c751e8b465ee728b)
Start importing Assets/Textures/Double/button_square_flat.png using Guid(15d86d4535b698c4cb48b1b1556b8552) Importer(815301076,1909f56bfc062723c751e8b465ee728b)  -> (artifact id: 'c2a544e4b07b3c0f7f891fcfcb5f890c') in 0.012298 seconds
Number of updated asset objects reloaded before import = 0
Number of asset objects unloaded after import = 3
========================================================================
Received Import Request.
  Time since last request: 0.000036 seconds.
  path: Assets/Textures/Double/button_square_depth_border.png
  artifactKey: Guid(3864b697304c3a547b645c368de63873) Importer(815301076,1909f56bfc062723c751e8b465ee728b)
Start importing Assets/Textures/Double/button_square_depth_border.png using Guid(3864b697304c3a547b645c368de63873) Importer(815301076,1909f56bfc062723c751e8b465ee728b)  -> (artifact id: '6d45ac8baf369c9654c8553f61e65884') in 0.012695 seconds
Number of updated asset objects reloaded before import = 0
Number of asset objects unloaded after import = 3
========================================================================
Received Import Request.
  Time since last request: 0.357385 seconds.
  path: Assets/Textures/Double/button_square_line.png
  artifactKey: Guid(7b20ab17d0a80834999a730124b84f8c) Importer(815301076,1909f56bfc062723c751e8b465ee728b)
Start importing Assets/Textures/Double/button_square_line.png using Guid(7b20ab17d0a80834999a730124b84f8c) Importer(815301076,1909f56bfc062723c751e8b465ee728b)  -> (artifact id: '71bd6161797856ff316570a175ebc1c7') in 0.013108 seconds
Number of updated asset objects reloaded before import = 0
Number of asset objects unloaded after import = 3
========================================================================
Received Import Request.
  Time since last request: 0.000025 seconds.
  path: Assets/Textures/Double/check_round_grey.png
  artifactKey: Guid(3cd120b08fa260a41a1af7cceee17260) Importer(815301076,1909f56bfc062723c751e8b465ee728b)
Start importing Assets/Textures/Double/check_round_grey.png using Guid(3cd120b08fa260a41a1af7cceee17260) Importer(815301076,1909f56bfc062723c751e8b465ee728b)  -> (artifact id: 'd4321a06c4588479b8d09284b941f15d') in 0.049258 seconds
Number of updated asset objects reloaded before import = 0
Number of asset objects unloaded after import = 3
========================================================================
Received Import Request.
  Time since last request: 0.000026 seconds.
  path: Assets/Textures/Double/check_square_color_checkmark.png
  artifactKey: Guid(28022de5cffe72748be12203f8d2d45a) Importer(815301076,1909f56bfc062723c751e8b465ee728b)
Start importing Assets/Textures/Double/check_square_color_checkmark.png using Guid(28022de5cffe72748be12203f8d2d45a) Importer(815301076,1909f56bfc062723c751e8b465ee728b)  -> (artifact id: '94dbfece45b7d0f22f8072a4e778eab2') in 0.010168 seconds
Number of updated asset objects reloaded before import = 0
Number of asset objects unloaded after import = 3
========================================================================
Received Import Request.
  Time since last request: 0.000029 seconds.
  path: Assets/Textures/Double/check_square_color.png
  artifactKey: Guid(c2eb73f53d841804a9a3ad8c5f84198d) Importer(815301076,1909f56bfc062723c751e8b465ee728b)
Start importing Assets/Textures/Double/check_square_color.png using Guid(c2eb73f53d841804a9a3ad8c5f84198d) Importer(815301076,1909f56bfc062723c751e8b465ee728b)  -> (artifact id: '509bc833ee3f5c680f1e5543ac42d6d5') in 0.010579 seconds
Number of updated asset objects reloaded before import = 0
Number of asset objects unloaded after import = 3
========================================================================
Received Import Request.
  Time since last request: 0.000018 seconds.
  path: Assets/Textures/Double/check_round_round_circle.png
  artifactKey: Guid(c921fd49baf52ad4286977e8b532f02b) Importer(815301076,1909f56bfc062723c751e8b465ee728b)
Start importing Assets/Textures/Double/check_round_round_circle.png using Guid(c921fd49baf52ad4286977e8b532f02b) Importer(815301076,1909f56bfc062723c751e8b465ee728b)  -> (artifact id: 'd4ab63542586a788381abddd995b9c55') in 0.010552 seconds
Number of updated asset objects reloaded before import = 0
Number of asset objects unloaded after import = 3
========================================================================
Received Import Request.
  Time since last request: 0.245738 seconds.
  path: Assets/Textures/Double/check_square_grey_cross.png
  artifactKey: Guid(74a6c0bf3961c5749a7c804e6dc8eaeb) Importer(815301076,1909f56bfc062723c751e8b465ee728b)
Start importing Assets/Textures/Double/check_square_grey_cross.png using Guid(74a6c0bf3961c5749a7c804e6dc8eaeb) Importer(815301076,1909f56bfc062723c751e8b465ee728b)  -> (artifact id: '4d15fc32c69a2b7e08d595cb5513845d') in 0.013018 seconds
Number of updated asset objects reloaded before import = 0
Number of asset objects unloaded after import = 3
========================================================================
Received Import Request.
  Time since last request: 0.000035 seconds.
  path: Assets/Textures/Double/icon_square.png
  artifactKey: Guid(ee5051760b057114782470dc68c2b53b) Importer(815301076,1909f56bfc062723c751e8b465ee728b)
Start importing Assets/Textures/Double/icon_square.png using Guid(ee5051760b057114782470dc68c2b53b) Importer(815301076,1909f56bfc062723c751e8b465ee728b)  -> (artifact id: 'c21d22429c1002fccfbde351482fa70c') in 0.010810 seconds
Number of updated asset objects reloaded before import = 0
Number of asset objects unloaded after import = 3
========================================================================
Received Import Request.
  Time since last request: 0.000032 seconds.
  path: Assets/Textures/Double/icon_checkmark.png
  artifactKey: Guid(3fed45288ecf5624e9a58e15e93f7dbd) Importer(815301076,1909f56bfc062723c751e8b465ee728b)
Start importing Assets/Textures/Double/icon_checkmark.png using Guid(3fed45288ecf5624e9a58e15e93f7dbd) Importer(815301076,1909f56bfc062723c751e8b465ee728b)  -> (artifact id: '868355588277d237193b2ea2131a11f9') in 0.013152 seconds
Number of updated asset objects reloaded before import = 0
Number of asset objects unloaded after import = 3
========================================================================
Received Import Request.
  Time since last request: 0.000020 seconds.
  path: Assets/Textures/Double/icon_cross.png
  artifactKey: Guid(8743e36175eb0e942a2a0b629cdd2066) Importer(815301076,1909f56bfc062723c751e8b465ee728b)
Start importing Assets/Textures/Double/icon_cross.png using Guid(8743e36175eb0e942a2a0b629cdd2066) Importer(815301076,1909f56bfc062723c751e8b465ee728b)  -> (artifact id: '02d8ecb171a0a387fee6dd0602e959d7') in 0.010937 seconds
Number of updated asset objects reloaded before import = 0
Number of asset objects unloaded after import = 3
========================================================================
Received Import Request.
  Time since last request: 0.000019 seconds.
  path: Assets/Textures/Double/icon_circle.png
  artifactKey: Guid(29076e4891700484e8789b2592497633) Importer(815301076,1909f56bfc062723c751e8b465ee728b)
Start importing Assets/Textures/Double/icon_circle.png using Guid(29076e4891700484e8789b2592497633) Importer(815301076,1909f56bfc062723c751e8b465ee728b)  -> (artifact id: 'a4d98988169d3567af62d170325738e0') in 0.011897 seconds
Number of updated asset objects reloaded before import = 0
Number of asset objects unloaded after import = 3
========================================================================
Received Import Request.
  Time since last request: 0.631171 seconds.
  path: Assets/Textures/Double/slide_horizontal_color.png
  artifactKey: Guid(9f8d9e6414dacef4eb999809d2a53da7) Importer(815301076,1909f56bfc062723c751e8b465ee728b)
Start importing Assets/Textures/Double/slide_horizontal_color.png using Guid(9f8d9e6414dacef4eb999809d2a53da7) Importer(815301076,1909f56bfc062723c751e8b465ee728b)  -> (artifact id: '580f24fef58b77c2644c96c56aa5abe5') in 0.010680 seconds
Number of updated asset objects reloaded before import = 0
Number of asset objects unloaded after import = 3
========================================================================
Received Import Request.
  Time since last request: 0.000030 seconds.
  path: Assets/Textures/Double/slide_vertical_grey.png
  artifactKey: Guid(16ee6365fc7fa594dad101d51392d249) Importer(815301076,1909f56bfc062723c751e8b465ee728b)
Start importing Assets/Textures/Double/slide_vertical_grey.png using Guid(16ee6365fc7fa594dad101d51392d249) Importer(815301076,1909f56bfc062723c751e8b465ee728b)  -> (artifact id: '12ba3fadfe4252cca7cf00c814d6678a') in 0.014579 seconds
Number of updated asset objects reloaded before import = 0
Number of asset objects unloaded after import = 3
========================================================================
Received Import Request.
  Time since last request: 0.000026 seconds.
  path: Assets/Textures/Double/slide_horizontal_color_section_wide.png
  artifactKey: Guid(7a44bdcc64a46d14c98dde0df25fdc24) Importer(815301076,1909f56bfc062723c751e8b465ee728b)
Start importing Assets/Textures/Double/slide_horizontal_color_section_wide.png using Guid(7a44bdcc64a46d14c98dde0df25fdc24) Importer(815301076,1909f56bfc062723c751e8b465ee728b)  -> (artifact id: 'c1c2f7364a7eba7691c9c600b91f0e34') in 0.010929 seconds
Number of updated asset objects reloaded before import = 0
Number of asset objects unloaded after import = 3
========================================================================
Received Import Request.
  Time since last request: 0.000020 seconds.
  path: Assets/Textures/Double/slide_vertical_grey_section.png
  artifactKey: Guid(a6c6eac8fcce8104d8865904e1d7329a) Importer(815301076,1909f56bfc062723c751e8b465ee728b)
Start importing Assets/Textures/Double/slide_vertical_grey_section.png using Guid(a6c6eac8fcce8104d8865904e1d7329a) Importer(815301076,1909f56bfc062723c751e8b465ee728b)  -> (artifact id: 'c9eb5a038e4c9a9fe0f72b84380f16bd') in 0.011891 seconds
Number of updated asset objects reloaded before import = 0
Number of asset objects unloaded after import = 3
========================================================================
Received Import Request.
  Time since last request: 0.000025 seconds.
  path: Assets/Textures/Double/slide_vertical_color.png
  artifactKey: Guid(235dd3d684e7b40459e647fd6a91bccd) Importer(815301076,1909f56bfc062723c751e8b465ee728b)
Start importing Assets/Textures/Double/slide_vertical_color.png using Guid(235dd3d684e7b40459e647fd6a91bccd) Importer(815301076,1909f56bfc062723c751e8b465ee728b)  -> (artifact id: 'c935998222e89de8564622316f1c0b13') in 0.012142 seconds
Number of updated asset objects reloaded before import = 0
Number of asset objects unloaded after import = 3
========================================================================
Received Import Request.
  Time since last request: 0.118734 seconds.
  path: Assets/Textures/Double/slide_vertical_grey_section_wide.png
  artifactKey: Guid(c6669736c12389a4e94be371e4520281) Importer(815301076,1909f56bfc062723c751e8b465ee728b)
Start importing Assets/Textures/Double/slide_vertical_grey_section_wide.png using Guid(c6669736c12389a4e94be371e4520281) Importer(815301076,1909f56bfc062723c751e8b465ee728b)  -> (artifact id: '83dbb3a1210741c678b4450e9ec5e24a') in 0.012392 seconds
Number of updated asset objects reloaded before import = 0
Number of asset objects unloaded after import = 3
========================================================================
Received Import Request.
  Time since last request: 0.000152 seconds.
  path: Assets/Textures/Double/star_outline.png
  artifactKey: Guid(9630f2dd0eaebab40b430579af85a39f) Importer(815301076,1909f56bfc062723c751e8b465ee728b)
Start importing Assets/Textures/Double/star_outline.png using Guid(9630f2dd0eaebab40b430579af85a39f) Importer(815301076,1909f56bfc062723c751e8b465ee728b)  -> (artifact id: '20a5871aa1c490c2b38da6b0f29f5dd3') in 0.016079 seconds
Number of updated asset objects reloaded before import = 0
Number of asset objects unloaded after import = 3
========================================================================
Received Import Request.
  Time since last request: 19.993092 seconds.
  path: Assets/Textures/Double/button_square_gradient.png
  artifactKey: Guid(b4ee455dbcfa9fe4494a87aa82e10314) Importer(815301076,1909f56bfc062723c751e8b465ee728b)
Start importing Assets/Textures/Double/button_square_gradient.png using Guid(b4ee455dbcfa9fe4494a87aa82e10314) Importer(815301076,1909f56bfc062723c751e8b465ee728b)  -> (artifact id: '848d7cfe25dd2f7939d844eed1d9572b') in 0.009213 seconds
Number of updated asset objects reloaded before import = 0
Number of asset objects unloaded after import = 2
========================================================================
Received Import Request.
  Time since last request: 0.000061 seconds.
  path: Assets/Textures/Double/slide_horizontal_color.png
  artifactKey: Guid(9f8d9e6414dacef4eb999809d2a53da7) Importer(815301076,1909f56bfc062723c751e8b465ee728b)
Start importing Assets/Textures/Double/slide_horizontal_color.png using Guid(9f8d9e6414dacef4eb999809d2a53da7) Importer(815301076,1909f56bfc062723c751e8b465ee728b)  -> (artifact id: '8f90c3c8f513928d5f34b8c4c71ace81') in 0.014098 seconds
Number of updated asset objects reloaded before import = 0
Number of asset objects unloaded after import = 2
========================================================================
Received Import Request.
  Time since last request: 0.000016 seconds.
  path: Assets/Textures/Double/slide_horizontal_grey_section.png
  artifactKey: Guid(5f7ccc5714bdc0244a97c388da30bfac) Importer(815301076,1909f56bfc062723c751e8b465ee728b)
Start importing Assets/Textures/Double/slide_horizontal_grey_section.png using Guid(5f7ccc5714bdc0244a97c388da30bfac) Importer(815301076,1909f56bfc062723c751e8b465ee728b)  -> (artifact id: '772f1e11114479e311958655ab28ab41') in 0.007995 seconds
Number of updated asset objects reloaded before import = 0
Number of asset objects unloaded after import = 2
========================================================================
Received Import Request.
  Time since last request: 0.000041 seconds.
  path: Assets/Textures/Double/icon_outline_circle.png
  artifactKey: Guid(876e70056df986a459411d31d10fc03d) Importer(815301076,1909f56bfc062723c751e8b465ee728b)
Start importing Assets/Textures/Double/icon_outline_circle.png using Guid(876e70056df986a459411d31d10fc03d) Importer(815301076,1909f56bfc062723c751e8b465ee728b)  -> (artifact id: '52ebd4f9e0fc091c8346ef3361992408') in 0.010427 seconds
Number of updated asset objects reloaded before import = 0
Number of asset objects unloaded after import = 2
========================================================================
Received Import Request.
  Time since last request: 0.000050 seconds.
  path: Assets/Textures/Double/slide_horizontal_grey.png
  artifactKey: Guid(f426a6c6d1e6c4342b6aa5482e25cf33) Importer(815301076,1909f56bfc062723c751e8b465ee728b)
Start importing Assets/Textures/Double/slide_horizontal_grey.png using Guid(f426a6c6d1e6c4342b6aa5482e25cf33) Importer(815301076,1909f56bfc062723c751e8b465ee728b)  -> (artifact id: '650e553891b496dcc538d2d7d508c0a2') in 0.014971 seconds
Number of updated asset objects reloaded before import = 0
Number of asset objects unloaded after import = 2
========================================================================
Received Import Request.
  Time since last request: 0.000045 seconds.
  path: Assets/Textures/Double/check_round_grey.png
  artifactKey: Guid(3cd120b08fa260a41a1af7cceee17260) Importer(815301076,1909f56bfc062723c751e8b465ee728b)
Start importing Assets/Textures/Double/check_round_grey.png using Guid(3cd120b08fa260a41a1af7cceee17260) Importer(815301076,1909f56bfc062723c751e8b465ee728b)  -> (artifact id: 'f20cfc52e6ce68b63b5759deafd8b06b') in 0.011613 seconds
Number of updated asset objects reloaded before import = 0
Number of asset objects unloaded after import = 2
========================================================================
Received Import Request.
  Time since last request: 0.000024 seconds.
  path: Assets/Textures/Double/slide_hangle.png
  artifactKey: Guid(d8f5cbe94febe0d47911aba4e84f6506) Importer(815301076,1909f56bfc062723c751e8b465ee728b)
Start importing Assets/Textures/Double/slide_hangle.png using Guid(d8f5cbe94febe0d47911aba4e84f6506) Importer(815301076,1909f56bfc062723c751e8b465ee728b)  -> (artifact id: '187085b9d427fc78e71526c80e8c3ddd') in 0.010597 seconds
Number of updated asset objects reloaded before import = 0
Number of asset objects unloaded after import = 2
========================================================================
Received Import Request.
  Time since last request: 0.000018 seconds.
  path: Assets/Textures/Double/check_round_grey_circle.png
  artifactKey: Guid(ab37ca21ec5b1c5468f4457c19359c85) Importer(815301076,1909f56bfc062723c751e8b465ee728b)
Start importing Assets/Textures/Double/check_round_grey_circle.png using Guid(ab37ca21ec5b1c5468f4457c19359c85) Importer(815301076,1909f56bfc062723c751e8b465ee728b)  -> (artifact id: '43d02a980d905c755af243f51b58b1ea') in 0.008593 seconds
Number of updated asset objects reloaded before import = 0
Number of asset objects unloaded after import = 2
========================================================================
Received Import Request.
  Time since last request: 0.000023 seconds.
  path: Assets/Textures/Double/icon_cross.png
  artifactKey: Guid(8743e36175eb0e942a2a0b629cdd2066) Importer(815301076,1909f56bfc062723c751e8b465ee728b)
Start importing Assets/Textures/Double/icon_cross.png using Guid(8743e36175eb0e942a2a0b629cdd2066) Importer(815301076,1909f56bfc062723c751e8b465ee728b)  -> (artifact id: '33323d3a99714cb7b9b346e68c4b7c61') in 0.014117 seconds
Number of updated asset objects reloaded before import = 0
Number of asset objects unloaded after import = 2
========================================================================
Received Import Request.
  Time since last request: 0.000019 seconds.
  path: Assets/Textures/Double/slide_horizontal_color_section_wide.png
  artifactKey: Guid(7a44bdcc64a46d14c98dde0df25fdc24) Importer(815301076,1909f56bfc062723c751e8b465ee728b)
Start importing Assets/Textures/Double/slide_horizontal_color_section_wide.png using Guid(7a44bdcc64a46d14c98dde0df25fdc24) Importer(815301076,1909f56bfc062723c751e8b465ee728b)  -> (artifact id: 'b7bc991eab34afb1c9a9e7d054e6a2f6') in 0.012416 seconds
Number of updated asset objects reloaded before import = 0
Number of asset objects unloaded after import = 2
========================================================================
Received Import Request.
  Time since last request: 0.000038 seconds.
  path: Assets/Textures/Double/slide_vertical_grey_section.png
  artifactKey: Guid(a6c6eac8fcce8104d8865904e1d7329a) Importer(815301076,1909f56bfc062723c751e8b465ee728b)
Start importing Assets/Textures/Double/slide_vertical_grey_section.png using Guid(a6c6eac8fcce8104d8865904e1d7329a) Importer(815301076,1909f56bfc062723c751e8b465ee728b)  -> (artifact id: '578136029aff551c57296f01bfd74c92') in 0.007802 seconds
Number of updated asset objects reloaded before import = 0
Number of asset objects unloaded after import = 2
========================================================================
Received Import Request.
  Time since last request: 0.000022 seconds.
  path: Assets/Textures/Double/slide_horizontal_color_section.png
  artifactKey: Guid(1d69bbffee1149e428aeb7982449e79d) Importer(815301076,1909f56bfc062723c751e8b465ee728b)
Start importing Assets/Textures/Double/slide_horizontal_color_section.png using Guid(1d69bbffee1149e428aeb7982449e79d) Importer(815301076,1909f56bfc062723c751e8b465ee728b)  -> (artifact id: '01dc9361c7b04def099ab9410493e1fa') in 0.009895 seconds
Number of updated asset objects reloaded before import = 0
Number of asset objects unloaded after import = 2
========================================================================
Received Import Request.
  Time since last request: 0.000017 seconds.
  path: Assets/Textures/Double/check_square_grey_square.png
  artifactKey: Guid(86719b15baad5f7488f5f3836c933a08) Importer(815301076,1909f56bfc062723c751e8b465ee728b)
Start importing Assets/Textures/Double/check_square_grey_square.png using Guid(86719b15baad5f7488f5f3836c933a08) Importer(815301076,1909f56bfc062723c751e8b465ee728b)  -> (artifact id: 'd84b8d50164fb3edfbef0019e2cddfd1') in 0.008136 seconds
Number of updated asset objects reloaded before import = 0
Number of asset objects unloaded after import = 2
========================================================================
Received Import Request.
  Time since last request: 0.000019 seconds.
  path: Assets/Textures/Double/slide_vertical_color.png
  artifactKey: Guid(235dd3d684e7b40459e647fd6a91bccd) Importer(815301076,1909f56bfc062723c751e8b465ee728b)
Start importing Assets/Textures/Double/slide_vertical_color.png using Guid(235dd3d684e7b40459e647fd6a91bccd) Importer(815301076,1909f56bfc062723c751e8b465ee728b)  -> (artifact id: '740b7effc68742cd63f7920b747dc971') in 0.007048 seconds
Number of updated asset objects reloaded before import = 0
Number of asset objects unloaded after import = 2
========================================================================
Received Import Request.
  Time since last request: 0.000015 seconds.
  path: Assets/Textures/Double/icon_outline_checkmark.png
  artifactKey: Guid(5219fd119eceae0489ffbe65f97a7e37) Importer(815301076,1909f56bfc062723c751e8b465ee728b)
Start importing Assets/Textures/Double/icon_outline_checkmark.png using Guid(5219fd119eceae0489ffbe65f97a7e37) Importer(815301076,1909f56bfc062723c751e8b465ee728b)  -> (artifact id: 'ccd3437d307cf169f79088cac10e74e7') in 0.013276 seconds
Number of updated asset objects reloaded before import = 0
Number of asset objects unloaded after import = 2
========================================================================
Received Import Request.
  Time since last request: 0.000017 seconds.
  path: Assets/Textures/Double/check_square_color_cross.png
  artifactKey: Guid(0e20662b2cb9be64abed482b77471d13) Importer(815301076,1909f56bfc062723c751e8b465ee728b)
Start importing Assets/Textures/Double/check_square_color_cross.png using Guid(0e20662b2cb9be64abed482b77471d13) Importer(815301076,1909f56bfc062723c751e8b465ee728b)  -> (artifact id: '303af8b377c1663e742096cbb09d0c5a') in 0.011525 seconds
Number of updated asset objects reloaded before import = 0
Number of asset objects unloaded after import = 2
========================================================================
Received Import Request.
  Time since last request: 0.000023 seconds.
  path: Assets/Textures/Double/check_round_round_circle.png
  artifactKey: Guid(c921fd49baf52ad4286977e8b532f02b) Importer(815301076,1909f56bfc062723c751e8b465ee728b)
Start importing Assets/Textures/Double/check_round_round_circle.png using Guid(c921fd49baf52ad4286977e8b532f02b) Importer(815301076,1909f56bfc062723c751e8b465ee728b)  -> (artifact id: '068683acb6848274b780f0758dc9e973') in 0.006940 seconds
Number of updated asset objects reloaded before import = 0
Number of asset objects unloaded after import = 2
========================================================================
Received Import Request.
  Time since last request: 0.000018 seconds.
  path: Assets/Textures/Double/icon_circle.png
  artifactKey: Guid(29076e4891700484e8789b2592497633) Importer(815301076,1909f56bfc062723c751e8b465ee728b)
Start importing Assets/Textures/Double/icon_circle.png using Guid(29076e4891700484e8789b2592497633) Importer(815301076,1909f56bfc062723c751e8b465ee728b)  -> (artifact id: '2f28fe7d75ece1cabfe4089fda771c57') in 0.009186 seconds
Number of updated asset objects reloaded before import = 0
Number of asset objects unloaded after import = 2
========================================================================
Received Import Request.
  Time since last request: 68.201655 seconds.
  path: Assets/Textures/Double/button_square_depth_border.png
  artifactKey: Guid(3864b697304c3a547b645c368de63873) Importer(815301076,1909f56bfc062723c751e8b465ee728b)
Start importing Assets/Textures/Double/button_square_depth_border.png using Guid(3864b697304c3a547b645c368de63873) Importer(815301076,1909f56bfc062723c751e8b465ee728b)  -> (artifact id: 'b5187d76def69b16dbe147b61a9c69c6') in 0.007652 seconds
Number of updated asset objects reloaded before import = 0
Number of asset objects unloaded after import = 2
========================================================================
Received Import Request.
  Time since last request: 0.045627 seconds.
  path: Assets/Textures/Double/slide_vertical_grey_section_wide.png
  artifactKey: Guid(c6669736c12389a4e94be371e4520281) Importer(815301076,1909f56bfc062723c751e8b465ee728b)
Start importing Assets/Textures/Double/slide_vertical_grey_section_wide.png using Guid(c6669736c12389a4e94be371e4520281) Importer(815301076,1909f56bfc062723c751e8b465ee728b)  -> (artifact id: '4fb53799206ef4e3e88278ccb2e2e4c0') in 0.010648 seconds
Number of updated asset objects reloaded before import = 0
Number of asset objects unloaded after import = 2
========================================================================
Received Import Request.
  Time since last request: 0.000171 seconds.
  path: Assets/Textures/Double/star_outline.png
  artifactKey: Guid(9630f2dd0eaebab40b430579af85a39f) Importer(815301076,1909f56bfc062723c751e8b465ee728b)
Start importing Assets/Textures/Double/star_outline.png using Guid(9630f2dd0eaebab40b430579af85a39f) Importer(815301076,1909f56bfc062723c751e8b465ee728b)  -> (artifact id: '74e3aebe6542167483fcd3a76b9bcc6d') in 0.013274 seconds
Number of updated asset objects reloaded before import = 0
Number of asset objects unloaded after import = 2
========================================================================
Received Import Request.
  Time since last request: 1.314314 seconds.
  path: Assets/Textures/Double/button_round_gloss.png
  artifactKey: Guid(04d19e68ce6e9744fb49bfa98e3d3fb8) Importer(815301076,1909f56bfc062723c751e8b465ee728b)
Start importing Assets/Textures/Double/button_round_gloss.png using Guid(04d19e68ce6e9744fb49bfa98e3d3fb8) Importer(815301076,1909f56bfc062723c751e8b465ee728b)  -> (artifact id: '43f42245594f8aa308ec5f7a7616f9a8') in 0.015185 seconds
Number of updated asset objects reloaded before import = 0
Number of asset objects unloaded after import = 2
========================================================================
Received Import Request.
  Time since last request: 0.000035 seconds.
  path: Assets/Textures/Double/button_square_gloss.png
  artifactKey: Guid(3d63599f72c502041a1039c23e664f3a) Importer(815301076,1909f56bfc062723c751e8b465ee728b)
Start importing Assets/Textures/Double/button_square_gloss.png using Guid(3d63599f72c502041a1039c23e664f3a) Importer(815301076,1909f56bfc062723c751e8b465ee728b)  -> (artifact id: '21558ba059b07ec61ead187e06b710db') in 0.009114 seconds
Number of updated asset objects reloaded before import = 0
Number of asset objects unloaded after import = 2
========================================================================
Received Import Request.
  Time since last request: 0.000022 seconds.
  path: Assets/Textures/Double/button_square_depth_gradient.png
  artifactKey: Guid(5e5d8a0caad080a44b78d9c4967f0a32) Importer(815301076,1909f56bfc062723c751e8b465ee728b)
Start importing Assets/Textures/Double/button_square_depth_gradient.png using Guid(5e5d8a0caad080a44b78d9c4967f0a32) Importer(815301076,1909f56bfc062723c751e8b465ee728b)  -> (artifact id: 'fdba60990eae62f3ca3350ad4744b9e9') in 0.013925 seconds
Number of updated asset objects reloaded before import = 0
Number of asset objects unloaded after import = 2
========================================================================
Received Import Request.
  Time since last request: 0.000015 seconds.
  path: Assets/Textures/Double/button_square_depth_flat.png
  artifactKey: Guid(b4c62dd140e060040b49e9e977ca5bc4) Importer(815301076,1909f56bfc062723c751e8b465ee728b)
Start importing Assets/Textures/Double/button_square_depth_flat.png using Guid(b4c62dd140e060040b49e9e977ca5bc4) Importer(815301076,1909f56bfc062723c751e8b465ee728b)  -> (artifact id: '803e8332636d214f546696de0d553cd4') in 0.007806 seconds
Number of updated asset objects reloaded before import = 0
Number of asset objects unloaded after import = 2
========================================================================
Received Import Request.
  Time since last request: 0.000022 seconds.
  path: Assets/Textures/Double/button_round_line.png
  artifactKey: Guid(2c063254e327ef248ae72b2e97fcad4e) Importer(815301076,1909f56bfc062723c751e8b465ee728b)
Start importing Assets/Textures/Double/button_round_line.png using Guid(2c063254e327ef248ae72b2e97fcad4e) Importer(815301076,1909f56bfc062723c751e8b465ee728b)  -> (artifact id: 'f89b3bd35ac0a1eb686c1622a3518543') in 0.007485 seconds
Number of updated asset objects reloaded before import = 0
Number of asset objects unloaded after import = 2
========================================================================
Received Import Request.
  Time since last request: 0.210047 seconds.
  path: Assets/Textures/Double/button_rectangle_flat.png
  artifactKey: Guid(fb8a4341b305e8442aa3525720e4dd32) Importer(815301076,1909f56bfc062723c751e8b465ee728b)
Start importing Assets/Textures/Double/button_rectangle_flat.png using Guid(fb8a4341b305e8442aa3525720e4dd32) Importer(815301076,1909f56bfc062723c751e8b465ee728b)  -> (artifact id: 'a02123a8f9a631092b1098661cdf19c6') in 0.051062 seconds
Number of updated asset objects reloaded before import = 0
Number of asset objects unloaded after import = 2
========================================================================
Received Import Request.
  Time since last request: 0.000013 seconds.
  path: Assets/Textures/Double/button_round_depth_line.png
  artifactKey: Guid(ae99f286dff14894cb2d8c20f3712656) Importer(815301076,1909f56bfc062723c751e8b465ee728b)
Start importing Assets/Textures/Double/button_round_depth_line.png using Guid(ae99f286dff14894cb2d8c20f3712656) Importer(815301076,1909f56bfc062723c751e8b465ee728b)  -> (artifact id: '07cc37e5670db48474fee2263e3d0aea') in 0.012203 seconds
Number of updated asset objects reloaded before import = 0
Number of asset objects unloaded after import = 2
========================================================================
Received Import Request.
  Time since last request: 0.000023 seconds.
  path: Assets/Textures/Double/button_round_flat.png
  artifactKey: Guid(052881dac5e206f43b32b9ca9c6bc9cb) Importer(815301076,1909f56bfc062723c751e8b465ee728b)
Start importing Assets/Textures/Double/button_round_flat.png using Guid(052881dac5e206f43b32b9ca9c6bc9cb) Importer(815301076,1909f56bfc062723c751e8b465ee728b)  -> (artifact id: '5d61828ff2dcfd3d2bd86fc87e2c3d08') in 0.013355 seconds
Number of updated asset objects reloaded before import = 0
Number of asset objects unloaded after import = 2
========================================================================
Received Import Request.
  Time since last request: 0.000035 seconds.
  path: Assets/Textures/Double/button_rectangle_gradient.png
  artifactKey: Guid(4286b5ca542fcaa439803b8a90bc63fc) Importer(815301076,1909f56bfc062723c751e8b465ee728b)
Start importing Assets/Textures/Double/button_rectangle_gradient.png using Guid(4286b5ca542fcaa439803b8a90bc63fc) Importer(815301076,1909f56bfc062723c751e8b465ee728b)  -> (artifact id: 'b99e18f2a7cbd11813d528115aa82cfe') in 0.008157 seconds
Number of updated asset objects reloaded before import = 0
Number of asset objects unloaded after import = 2
========================================================================
Received Import Request.
  Time since last request: 0.000017 seconds.
  path: Assets/Textures/Double/button_round_depth_gradient.png
  artifactKey: Guid(b2db6c4bd19338745836fd0c9bdddcb7) Importer(815301076,1909f56bfc062723c751e8b465ee728b)
Start importing Assets/Textures/Double/button_round_depth_gradient.png using Guid(b2db6c4bd19338745836fd0c9bdddcb7) Importer(815301076,1909f56bfc062723c751e8b465ee728b)  -> (artifact id: '6fc3986fcff059c2113721f8d37784ad') in 0.007482 seconds
Number of updated asset objects reloaded before import = 0
Number of asset objects unloaded after import = 2
========================================================================
Received Import Request.
  Time since last request: 0.000014 seconds.
  path: Assets/Textures/Double/button_round_depth_gloss.png
  artifactKey: Guid(82f4c02f8708c014fa9032f6862cd346) Importer(815301076,1909f56bfc062723c751e8b465ee728b)
Start importing Assets/Textures/Double/button_round_depth_gloss.png using Guid(82f4c02f8708c014fa9032f6862cd346) Importer(815301076,1909f56bfc062723c751e8b465ee728b)  -> (artifact id: '87cda0c3a7a383bf1a61504cf7cb2dce') in 0.007261 seconds
Number of updated asset objects reloaded before import = 0
Number of asset objects unloaded after import = 2
========================================================================
Received Import Request.
  Time since last request: 19.017540 seconds.
  path: Assets/Textures/Double/arrow_decorative_n_small.png
  artifactKey: Guid(c3c37020e5699144489211bb7605edff) Importer(815301076,1909f56bfc062723c751e8b465ee728b)
Start importing Assets/Textures/Double/arrow_decorative_n_small.png using Guid(c3c37020e5699144489211bb7605edff) Importer(815301076,1909f56bfc062723c751e8b465ee728b)  -> (artifact id: 'f9f4cac4f4aca373f8f0157aad1b2473') in 0.013164 seconds
Number of updated asset objects reloaded before import = 0
Number of asset objects unloaded after import = 2
========================================================================
Received Import Request.
  Time since last request: 0.000025 seconds.
  path: Assets/Textures/Double/arrow_decorative_w_small.png
  artifactKey: Guid(1b851eee52a2c5049a2755fdfe9002ee) Importer(815301076,1909f56bfc062723c751e8b465ee728b)
Start importing Assets/Textures/Double/arrow_decorative_w_small.png using Guid(1b851eee52a2c5049a2755fdfe9002ee) Importer(815301076,1909f56bfc062723c751e8b465ee728b)  -> (artifact id: 'f224494c5377457eaf96eb46edf56b3c') in 0.014761 seconds
Number of updated asset objects reloaded before import = 0
Number of asset objects unloaded after import = 2
========================================================================
Received Import Request.
  Time since last request: 0.000112 seconds.
  path: Assets/Textures/Double/button_rectangle_depth_gloss.png
  artifactKey: Guid(e66282211b39bc74789695c68b233406) Importer(815301076,1909f56bfc062723c751e8b465ee728b)
Start importing Assets/Textures/Double/button_rectangle_depth_gloss.png using Guid(e66282211b39bc74789695c68b233406) Importer(815301076,1909f56bfc062723c751e8b465ee728b)  -> (artifact id: 'fb64d73d5c7f15b01746b1a684065cb1') in 0.009971 seconds
Number of updated asset objects reloaded before import = 0
Number of asset objects unloaded after import = 2
========================================================================
Received Import Request.
  Time since last request: 0.000018 seconds.
  path: Assets/Textures/Double/button_rectangle_depth_line.png
  artifactKey: Guid(bed7329de27056741ba849ca4a2e134e) Importer(815301076,1909f56bfc062723c751e8b465ee728b)
Start importing Assets/Textures/Double/button_rectangle_depth_line.png using Guid(bed7329de27056741ba849ca4a2e134e) Importer(815301076,1909f56bfc062723c751e8b465ee728b)  -> (artifact id: '8ba7b7fb17db75680f5bf59479576977') in 0.009804 seconds
Number of updated asset objects reloaded before import = 0
Number of asset objects unloaded after import = 2
========================================================================
Received Import Request.
  Time since last request: 0.000023 seconds.
  path: Assets/Textures/Double/arrow_decorative_w.png
  artifactKey: Guid(25562b19fe90d144cb6279b6dbad2412) Importer(815301076,1909f56bfc062723c751e8b465ee728b)
Start importing Assets/Textures/Double/arrow_decorative_w.png using Guid(25562b19fe90d144cb6279b6dbad2412) Importer(815301076,1909f56bfc062723c751e8b465ee728b)  -> (artifact id: '8ea6ec876b1238cbbdb207923b2c89d1') in 0.012856 seconds
Number of updated asset objects reloaded before import = 0
Number of asset objects unloaded after import = 2
========================================================================
Received Import Request.
  Time since last request: 0.000020 seconds.
  path: Assets/Textures/Double/button_rectangle_depth_flat.png
  artifactKey: Guid(876a2b1cea49e12499bf16b6441aac70) Importer(815301076,1909f56bfc062723c751e8b465ee728b)
Start importing Assets/Textures/Double/button_rectangle_depth_flat.png using Guid(876a2b1cea49e12499bf16b6441aac70) Importer(815301076,1909f56bfc062723c751e8b465ee728b)  -> (artifact id: 'db2b49dd9e31043f669832567209029e') in 0.012080 seconds
Number of updated asset objects reloaded before import = 0
Number of asset objects unloaded after import = 2
========================================================================
Received Import Request.
  Time since last request: 0.110979 seconds.
  path: Assets/Textures/Double/arrow_basic_e.png
  artifactKey: Guid(2809eff6e9449b345b5799f512b5f382) Importer(815301076,1909f56bfc062723c751e8b465ee728b)
Start importing Assets/Textures/Double/arrow_basic_e.png using Guid(2809eff6e9449b345b5799f512b5f382) Importer(815301076,1909f56bfc062723c751e8b465ee728b)  -> (artifact id: '9e2613199f74357bc0f891d5c93f65c3') in 0.011763 seconds
Number of updated asset objects reloaded before import = 0
Number of asset objects unloaded after import = 2
========================================================================
Received Import Request.
  Time since last request: 0.000024 seconds.
  path: Assets/Textures/Double/arrow_basic_n_small.png
  artifactKey: Guid(2199e205b62c8ce408a77a2584129b42) Importer(815301076,1909f56bfc062723c751e8b465ee728b)
Start importing Assets/Textures/Double/arrow_basic_n_small.png using Guid(2199e205b62c8ce408a77a2584129b42) Importer(815301076,1909f56bfc062723c751e8b465ee728b)  -> (artifact id: 'e7ff99d08d5248c29d1d035b2a0a50de') in 0.009064 seconds
Number of updated asset objects reloaded before import = 0
Number of asset objects unloaded after import = 2
========================================================================
Received Import Request.
  Time since last request: 0.000023 seconds.
  path: Assets/Textures/Double/arrow_decorative_e_small.png
  artifactKey: Guid(2da107e8759f6ff4faf53174aaed72f7) Importer(815301076,1909f56bfc062723c751e8b465ee728b)
Start importing Assets/Textures/Double/arrow_decorative_e_small.png using Guid(2da107e8759f6ff4faf53174aaed72f7) Importer(815301076,1909f56bfc062723c751e8b465ee728b)  -> (artifact id: '157bd9f4c96cd000200eb40c61fe2d10') in 0.013027 seconds
Number of updated asset objects reloaded before import = 0
Number of asset objects unloaded after import = 2
========================================================================
Received Import Request.
  Time since last request: 0.000023 seconds.
  path: Assets/Textures/Double/arrow_basic_s.png
  artifactKey: Guid(89734a4d2f0325e42ba3a903152a625a) Importer(815301076,1909f56bfc062723c751e8b465ee728b)
Start importing Assets/Textures/Double/arrow_basic_s.png using Guid(89734a4d2f0325e42ba3a903152a625a) Importer(815301076,1909f56bfc062723c751e8b465ee728b)  -> (artifact id: 'a57dfb771fbba3c8c9c209dac19cd81c') in 0.007121 seconds
Number of updated asset objects reloaded before import = 0
Number of asset objects unloaded after import = 2
========================================================================
Received Import Request.
  Time since last request: 0.000017 seconds.
  path: Assets/Textures/Double/arrow_basic_s_small.png
  artifactKey: Guid(e397c4212bcf15f4796dc6845815707b) Importer(815301076,1909f56bfc062723c751e8b465ee728b)
Start importing Assets/Textures/Double/arrow_basic_s_small.png using Guid(e397c4212bcf15f4796dc6845815707b) Importer(815301076,1909f56bfc062723c751e8b465ee728b)  -> (artifact id: 'ff2edeba417f6af4798bfe5b83a1635b') in 0.006531 seconds
Number of updated asset objects reloaded before import = 0
Number of asset objects unloaded after import = 2
========================================================================
Received Import Request.
  Time since last request: 0.000019 seconds.
  path: Assets/Textures/Double/arrow_decorative_n.png
  artifactKey: Guid(4084241d3656e3a41ba8df4d1afbc89b) Importer(815301076,1909f56bfc062723c751e8b465ee728b)
Start importing Assets/Textures/Double/arrow_decorative_n.png using Guid(4084241d3656e3a41ba8df4d1afbc89b) Importer(815301076,1909f56bfc062723c751e8b465ee728b)  -> (artifact id: 'a6a4b536862c92844b38c5bca6b296d0') in 0.009065 seconds
Number of updated asset objects reloaded before import = 0
Number of asset objects unloaded after import = 2
========================================================================
Received Import Request.
  Time since last request: 92.527303 seconds.
  path: Assets/Textures/Double/slide_horizontal_grey_section.png
  artifactKey: Guid(5f7ccc5714bdc0244a97c388da30bfac) Importer(815301076,1909f56bfc062723c751e8b465ee728b)
Start importing Assets/Textures/Double/slide_horizontal_grey_section.png using Guid(5f7ccc5714bdc0244a97c388da30bfac) Importer(815301076,1909f56bfc062723c751e8b465ee728b)  -> (artifact id: 'a05ee0c528ef0db9dc601c6b272a687f') in 0.016320 seconds
Number of updated asset objects reloaded before import = 0
Number of asset objects unloaded after import = 3
========================================================================
Received Import Request.
  Time since last request: 83.785702 seconds.
  path: Assets/Textures/Double/check_square_grey_checkmark.png
  artifactKey: Guid(18a6d8b8b92a9354c88421e3b8ff6a6d) Importer(815301076,1909f56bfc062723c751e8b465ee728b)
Start importing Assets/Textures/Double/check_square_grey_checkmark.png using Guid(18a6d8b8b92a9354c88421e3b8ff6a6d) Importer(815301076,1909f56bfc062723c751e8b465ee728b)  -> (artifact id: '39b87e39d7363502fce2405783f8dddd') in 0.013657 seconds
Number of updated asset objects reloaded before import = 0
Number of asset objects unloaded after import = 3
========================================================================
Received Import Request.
  Time since last request: 49.672448 seconds.
  path: Assets/Textures/Double/check_square_grey_checkmark.png
  artifactKey: Guid(18a6d8b8b92a9354c88421e3b8ff6a6d) Importer(815301076,1909f56bfc062723c751e8b465ee728b)
Start importing Assets/Textures/Double/check_square_grey_checkmark.png using Guid(18a6d8b8b92a9354c88421e3b8ff6a6d) Importer(815301076,1909f56bfc062723c751e8b465ee728b)  -> (artifact id: '717ab50a11aa161e0bd8fdf14f2df96f') in 0.010797 seconds
Number of updated asset objects reloaded before import = 0
Number of asset objects unloaded after import = 3
========================================================================
Received Import Request.
  Time since last request: 47.180447 seconds.
  path: Assets/Textures/Double/check_square_grey_cross.png
  artifactKey: Guid(74a6c0bf3961c5749a7c804e6dc8eaeb) Importer(815301076,1909f56bfc062723c751e8b465ee728b)
Start importing Assets/Textures/Double/check_square_grey_cross.png using Guid(74a6c0bf3961c5749a7c804e6dc8eaeb) Importer(815301076,1909f56bfc062723c751e8b465ee728b)  -> (artifact id: 'a987e67bdbc4fea49f288598b01e2853') in 0.011703 seconds
Number of updated asset objects reloaded before import = 0
Number of asset objects unloaded after import = 3
========================================================================
Received Import Request.
  Time since last request: 49.874009 seconds.
  path: Assets/Textures/Double/button_rectangle_depth_border.png
  artifactKey: Guid(fcea31c7eeb805d4fa5b530d636ae108) Importer(815301076,1909f56bfc062723c751e8b465ee728b)
Start importing Assets/Textures/Double/button_rectangle_depth_border.png using Guid(fcea31c7eeb805d4fa5b530d636ae108) Importer(815301076,1909f56bfc062723c751e8b465ee728b)  -> (artifact id: '717705d8bce017468b6794f2e35f3b9d') in 0.013376 seconds
Number of updated asset objects reloaded before import = 0
Number of asset objects unloaded after import = 3
========================================================================
Received Import Request.
  Time since last request: 29.419438 seconds.
  path: Assets/Textures/Double/button_rectangle_depth_border.png
  artifactKey: Guid(fcea31c7eeb805d4fa5b530d636ae108) Importer(815301076,1909f56bfc062723c751e8b465ee728b)
Start importing Assets/Textures/Double/button_rectangle_depth_border.png using Guid(fcea31c7eeb805d4fa5b530d636ae108) Importer(815301076,1909f56bfc062723c751e8b465ee728b)  -> (artifact id: 'ad56c36ced6ac4114d9dc32ca6844dc9') in 0.012095 seconds
Number of updated asset objects reloaded before import = 0
Number of asset objects unloaded after import = 3
========================================================================
Received Import Request.
  Time since last request: 20.676967 seconds.
  path: Assets/Textures/Double/button_rectangle_gradient.png
  artifactKey: Guid(4286b5ca542fcaa439803b8a90bc63fc) Importer(815301076,1909f56bfc062723c751e8b465ee728b)
Start importing Assets/Textures/Double/button_rectangle_gradient.png using Guid(4286b5ca542fcaa439803b8a90bc63fc) Importer(815301076,1909f56bfc062723c751e8b465ee728b)  -> (artifact id: 'bd44f52d985765b0d62d43769c410d55') in 0.009418 seconds
Number of updated asset objects reloaded before import = 0
Number of asset objects unloaded after import = 3
========================================================================
Received Import Request.
  Time since last request: 281.898387 seconds.
  path: Assets/Textures/Double/button_rectangle_border.png
  artifactKey: Guid(19150d99c5d8e7a4f814c8ab7040cee6) Importer(815301076,1909f56bfc062723c751e8b465ee728b)
Start importing Assets/Textures/Double/button_rectangle_border.png using Guid(19150d99c5d8e7a4f814c8ab7040cee6) Importer(815301076,1909f56bfc062723c751e8b465ee728b)  -> (artifact id: '3d17fce0a110f3c5ce2bd2535e3e375b') in 0.011876 seconds
Number of updated asset objects reloaded before import = 0
Number of asset objects unloaded after import = 3
========================================================================
Received Import Request.
  Time since last request: 49.417103 seconds.
  path: Assets/Textures/Double/icon_cross.png
  artifactKey: Guid(8743e36175eb0e942a2a0b629cdd2066) Importer(815301076,1909f56bfc062723c751e8b465ee728b)
Start importing Assets/Textures/Double/icon_cross.png using Guid(8743e36175eb0e942a2a0b629cdd2066) Importer(815301076,1909f56bfc062723c751e8b465ee728b)  -> (artifact id: 'afa69528705f8f25ac1344f7a9254cd0') in 0.035102 seconds
Number of updated asset objects reloaded before import = 0
Number of asset objects unloaded after import = 3
========================================================================
Received Import Request.
  Time since last request: 10.274635 seconds.
  path: Assets/Textures/Double/icon_outline_circle.png
  artifactKey: Guid(876e70056df986a459411d31d10fc03d) Importer(815301076,1909f56bfc062723c751e8b465ee728b)
Start importing Assets/Textures/Double/icon_outline_circle.png using Guid(876e70056df986a459411d31d10fc03d) Importer(815301076,1909f56bfc062723c751e8b465ee728b)  -> (artifact id: '24fdce90cd7e08675e5cbcf65d102385') in 0.016365 seconds
Number of updated asset objects reloaded before import = 0
Number of asset objects unloaded after import = 3
========================================================================
Received Import Request.
  Time since last request: 155.619379 seconds.
  path: Assets/Textures/Fonts/Roboto-Italic-VariableFont_wdth,wght SDF.mat
  artifactKey: Guid(f0e9d4a083029f04b999cb9de3af4566) Importer(815301076,1909f56bfc062723c751e8b465ee728b)
Start importing Assets/Textures/Fonts/Roboto-Italic-VariableFont_wdth,wght SDF.mat using Guid(f0e9d4a083029f04b999cb9de3af4566) Importer(815301076,1909f56bfc062723c751e8b465ee728b)  -> (artifact id: '7f0c9070879a28604d441866cffd48cb') in 0.040801 seconds
Number of updated asset objects reloaded before import = 0
Number of asset objects unloaded after import = 2
========================================================================
Received Import Request.
  Time since last request: 554.356771 seconds.
  path: Assets/Textures/Fonts/Roboto-Italic-VariableFont_wdth,wght SDF.mat
  artifactKey: Guid(f0e9d4a083029f04b999cb9de3af4566) Importer(815301076,1909f56bfc062723c751e8b465ee728b)
Start importing Assets/Textures/Fonts/Roboto-Italic-VariableFont_wdth,wght SDF.mat using Guid(f0e9d4a083029f04b999cb9de3af4566) Importer(815301076,1909f56bfc062723c751e8b465ee728b)  -> (artifact id: '441aaeaa04634ce201436a0d6d073bfd') in 0.075239 seconds
Number of updated asset objects reloaded before import = 0
Number of asset objects unloaded after import = 2
